{"/home/asishk/Desktop/Fe-Integrate/src/App.tsx": {"path":"/home/asishk/Desktop/Fe-Integrate/src/App.tsx","statementMap":{"0":{"start":{"line":54,"column":29},"end":{"line":54,"column":49}},"1":{"start":{"line":55,"column":27},"end":{"line":55,"column":51}},"2":{"start":{"line":57,"column":23},"end":{"line":64,"column":3}},"3":{"start":{"line":58,"column":22},"end":{"line":60,"column":5}},"4":{"start":{"line":59,"column":26},"end":{"line":59,"column":54}},"5":{"start":{"line":61,"column":26},"end":{"line":61,"column":28}},"6":{"start":{"line":62,"column":4},"end":{"line":62,"column":66}},"7":{"start":{"line":62,"column":38},"end":{"line":62,"column":64}},"8":{"start":{"line":63,"column":4},"end":{"line":63,"column":22}},"9":{"start":{"line":65,"column":2},"end":{"line":65,"column":17}},"10":{"start":{"line":66,"column":23},"end":{"line":73,"column":3}},"11":{"start":{"line":67,"column":22},"end":{"line":69,"column":5}},"12":{"start":{"line":68,"column":26},"end":{"line":68,"column":55}},"13":{"start":{"line":70,"column":26},"end":{"line":70,"column":28}},"14":{"start":{"line":71,"column":4},"end":{"line":71,"column":66}},"15":{"start":{"line":71,"column":38},"end":{"line":71,"column":64}},"16":{"start":{"line":72,"column":4},"end":{"line":72,"column":24}},"17":{"start":{"line":74,"column":2},"end":{"line":74,"column":17}},"18":{"start":{"line":76,"column":2},"end":{"line":89,"column":4}}},"fnMap":{"0":{"name":"App","decl":{"start":{"line":53,"column":9},"end":{"line":53,"column":12}},"loc":{"start":{"line":53,"column":15},"end":{"line":90,"column":1}},"line":53},"1":{"name":"(anonymous_1)","decl":{"start":{"line":57,"column":23},"end":{"line":57,"column":24}},"loc":{"start":{"line":57,"column":29},"end":{"line":64,"column":3}},"line":57},"2":{"name":"(anonymous_2)","decl":{"start":{"line":59,"column":6},"end":{"line":59,"column":7}},"loc":{"start":{"line":59,"column":26},"end":{"line":59,"column":54}},"line":59},"3":{"name":"(anonymous_3)","decl":{"start":{"line":62,"column":18},"end":{"line":62,"column":19}},"loc":{"start":{"line":62,"column":38},"end":{"line":62,"column":64}},"line":62},"4":{"name":"(anonymous_4)","decl":{"start":{"line":66,"column":23},"end":{"line":66,"column":24}},"loc":{"start":{"line":66,"column":29},"end":{"line":73,"column":3}},"line":66},"5":{"name":"(anonymous_5)","decl":{"start":{"line":68,"column":6},"end":{"line":68,"column":7}},"loc":{"start":{"line":68,"column":26},"end":{"line":68,"column":55}},"line":68},"6":{"name":"(anonymous_6)","decl":{"start":{"line":71,"column":18},"end":{"line":71,"column":19}},"loc":{"start":{"line":71,"column":38},"end":{"line":71,"column":64}},"line":71}},"branchMap":{},"s":{"0":0,"1":0,"2":0,"3":0,"4":0,"5":0,"6":0,"7":0,"8":0,"9":0,"10":0,"11":0,"12":0,"13":0,"14":0,"15":0,"16":0,"17":0,"18":0},"f":{"0":0,"1":0,"2":0,"3":0,"4":0,"5":0,"6":0},"b":{}}
,"/home/asishk/Desktop/Fe-Integrate/src/index.tsx": {"path":"/home/asishk/Desktop/Fe-Integrate/src/index.tsx","statementMap":{"0":{"start":{"line":7,"column":13},"end":{"line":9,"column":1}},"1":{"start":{"line":10,"column":0},"end":{"line":14,"column":2}},"2":{"start":{"line":15,"column":0},"end":{"line":15,"column":18}}},"fnMap":{},"branchMap":{},"s":{"0":0,"1":0,"2":0},"f":{},"b":{}}
,"/home/asishk/Desktop/Fe-Integrate/src/reportWebVitals.ts": {"path":"/home/asishk/Desktop/Fe-Integrate/src/reportWebVitals.ts","statementMap":{"0":{"start":{"line":3,"column":24},"end":{"line":13,"column":1}},"1":{"start":{"line":4,"column":2},"end":{"line":12,"column":3}},"2":{"start":{"line":5,"column":4},"end":{"line":11,"column":7}},"3":{"start":{"line":6,"column":6},"end":{"line":6,"column":26}},"4":{"start":{"line":7,"column":6},"end":{"line":7,"column":26}},"5":{"start":{"line":8,"column":6},"end":{"line":8,"column":26}},"6":{"start":{"line":9,"column":6},"end":{"line":9,"column":26}},"7":{"start":{"line":10,"column":6},"end":{"line":10,"column":27}}},"fnMap":{"0":{"name":"(anonymous_0)","decl":{"start":{"line":3,"column":24},"end":{"line":3,"column":25}},"loc":{"start":{"line":3,"column":57},"end":{"line":13,"column":1}},"line":3},"1":{"name":"(anonymous_1)","decl":{"start":{"line":5,"column":30},"end":{"line":5,"column":31}},"loc":{"start":{"line":5,"column":79},"end":{"line":11,"column":5}},"line":5}},"branchMap":{"0":{"loc":{"start":{"line":4,"column":2},"end":{"line":12,"column":3}},"type":"if","locations":[{"start":{"line":4,"column":2},"end":{"line":12,"column":3}},{"start":{},"end":{}}],"line":4},"1":{"loc":{"start":{"line":4,"column":6},"end":{"line":4,"column":52}},"type":"binary-expr","locations":[{"start":{"line":4,"column":6},"end":{"line":4,"column":17}},{"start":{"line":4,"column":21},"end":{"line":4,"column":52}}],"line":4}},"s":{"0":0,"1":0,"2":0,"3":0,"4":0,"5":0,"6":0,"7":0},"f":{"0":0,"1":0},"b":{"0":[0,0],"1":[0,0]}}
,"/home/asishk/Desktop/Fe-Integrate/src/Components/atoms/Buttons/index.stories.tsx": {"path":"/home/asishk/Desktop/Fe-Integrate/src/Components/atoms/Buttons/index.stories.tsx","statementMap":{"0":{"start":{"line":12,"column":39},"end":{"line":14,"column":1}},"1":{"start":{"line":13,"column":2},"end":{"line":13,"column":47}},"2":{"start":{"line":16,"column":28},"end":{"line":16,"column":45}},"3":{"start":{"line":18,"column":0},"end":{"line":22,"column":2}}},"fnMap":{"0":{"name":"(anonymous_0)","decl":{"start":{"line":12,"column":39},"end":{"line":12,"column":40}},"loc":{"start":{"line":13,"column":2},"end":{"line":13,"column":47}},"line":13}},"branchMap":{},"s":{"0":0,"1":0,"2":0,"3":0},"f":{"0":0},"b":{}}
,"/home/asishk/Desktop/Fe-Integrate/src/Components/atoms/Buttons/index.tsx": {"path":"/home/asishk/Desktop/Fe-Integrate/src/Components/atoms/Buttons/index.tsx","statementMap":{"0":{"start":{"line":6,"column":49},"end":{"line":8,"column":1}},"1":{"start":{"line":7,"column":2},"end":{"line":7,"column":54}}},"fnMap":{"0":{"name":"(anonymous_0)","decl":{"start":{"line":6,"column":49},"end":{"line":6,"column":50}},"loc":{"start":{"line":6,"column":76},"end":{"line":8,"column":1}},"line":6}},"branchMap":{},"s":{"0":16,"1":17},"f":{"0":17},"b":{},"_coverageSchema":"1a1c01bbd47fc00a2c39e90264f33305004495a9","hash":"8f5dc0e86972e6f1166856dbf17f03bb4b3073ed"}
,"/home/asishk/Desktop/Fe-Integrate/src/Components/atoms/Logo/index.stories.tsx": {"path":"/home/asishk/Desktop/Fe-Integrate/src/Components/atoms/Logo/index.stories.tsx","statementMap":{"0":{"start":{"line":11,"column":51},"end":{"line":13,"column":5}},"1":{"start":{"line":12,"column":4},"end":{"line":12,"column":25}},"2":{"start":{"line":14,"column":29},"end":{"line":14,"column":46}},"3":{"start":{"line":16,"column":4},"end":{"line":18,"column":5}}},"fnMap":{"0":{"name":"(anonymous_0)","decl":{"start":{"line":11,"column":51},"end":{"line":11,"column":52}},"loc":{"start":{"line":12,"column":4},"end":{"line":12,"column":25}},"line":12}},"branchMap":{},"s":{"0":0,"1":0,"2":0,"3":0},"f":{"0":0},"b":{}}
,"/home/asishk/Desktop/Fe-Integrate/src/Components/atoms/Logo/index.tsx": {"path":"/home/asishk/Desktop/Fe-Integrate/src/Components/atoms/Logo/index.tsx","statementMap":{"0":{"start":{"line":9,"column":17},"end":{"line":19,"column":1}},"1":{"start":{"line":10,"column":2},"end":{"line":18,"column":4}}},"fnMap":{"0":{"name":"(anonymous_0)","decl":{"start":{"line":9,"column":17},"end":{"line":9,"column":18}},"loc":{"start":{"line":9,"column":35},"end":{"line":19,"column":1}},"line":9}},"branchMap":{},"s":{"0":7,"1":7},"f":{"0":7},"b":{},"_coverageSchema":"1a1c01bbd47fc00a2c39e90264f33305004495a9","hash":"79138a495ffb1e8eebdb8a78d3f975091909900f"}
,"/home/asishk/Desktop/Fe-Integrate/src/Components/atoms/icons/index.stories.tsx": {"path":"/home/asishk/Desktop/Fe-Integrate/src/Components/atoms/icons/index.stories.tsx","statementMap":{"0":{"start":{"line":13,"column":47},"end":{"line":13,"column":76}},"1":{"start":{"line":13,"column":57},"end":{"line":13,"column":76}},"2":{"start":{"line":15,"column":34},"end":{"line":15,"column":51}},"3":{"start":{"line":16,"column":0},"end":{"line":19,"column":2}},"4":{"start":{"line":21,"column":26},"end":{"line":21,"column":43}},"5":{"start":{"line":22,"column":0},"end":{"line":25,"column":2}},"6":{"start":{"line":27,"column":28},"end":{"line":27,"column":45}},"7":{"start":{"line":28,"column":0},"end":{"line":31,"column":2}}},"fnMap":{"0":{"name":"(anonymous_0)","decl":{"start":{"line":13,"column":47},"end":{"line":13,"column":48}},"loc":{"start":{"line":13,"column":57},"end":{"line":13,"column":76}},"line":13}},"branchMap":{},"s":{"0":0,"1":0,"2":0,"3":0,"4":0,"5":0,"6":0,"7":0},"f":{"0":0},"b":{}}
,"/home/asishk/Desktop/Fe-Integrate/src/Components/atoms/icons/index.tsx": {"path":"/home/asishk/Desktop/Fe-Integrate/src/Components/atoms/icons/index.tsx","statementMap":{"0":{"start":{"line":9,"column":14},"end":{"line":19,"column":1}},"1":{"start":{"line":10,"column":2},"end":{"line":18,"column":4}}},"fnMap":{"0":{"name":"(anonymous_0)","decl":{"start":{"line":9,"column":14},"end":{"line":9,"column":15}},"loc":{"start":{"line":9,"column":37},"end":{"line":19,"column":1}},"line":9}},"branchMap":{},"s":{"0":19,"1":252},"f":{"0":252},"b":{},"_coverageSchema":"1a1c01bbd47fc00a2c39e90264f33305004495a9","hash":"80427fee3997599480713a7fea88cee61be751c7"}
,"/home/asishk/Desktop/Fe-Integrate/src/Components/molecules/Dropdown/index.stories.tsx": {"path":"/home/asishk/Desktop/Fe-Integrate/src/Components/molecules/Dropdown/index.stories.tsx","statementMap":{"0":{"start":{"line":11,"column":51},"end":{"line":13,"column":5}},"1":{"start":{"line":12,"column":4},"end":{"line":12,"column":25}},"2":{"start":{"line":14,"column":33},"end":{"line":14,"column":50}},"3":{"start":{"line":16,"column":4},"end":{"line":22,"column":5}}},"fnMap":{"0":{"name":"(anonymous_0)","decl":{"start":{"line":11,"column":51},"end":{"line":11,"column":52}},"loc":{"start":{"line":12,"column":4},"end":{"line":12,"column":25}},"line":12}},"branchMap":{},"s":{"0":0,"1":0,"2":0,"3":0},"f":{"0":0},"b":{}}
,"/home/asishk/Desktop/Fe-Integrate/src/Components/molecules/Dropdown/index.tsx": {"path":"/home/asishk/Desktop/Fe-Integrate/src/Components/molecules/Dropdown/index.tsx","statementMap":{"0":{"start":{"line":15,"column":17},"end":{"line":43,"column":1}},"1":{"start":{"line":16,"column":38},"end":{"line":16,"column":56}},"2":{"start":{"line":18,"column":23},"end":{"line":20,"column":3}},"3":{"start":{"line":19,"column":4},"end":{"line":19,"column":38}},"4":{"start":{"line":21,"column":2},"end":{"line":42,"column":4}},"5":{"start":{"line":34,"column":10},"end":{"line":38,"column":12}}},"fnMap":{"0":{"name":"(anonymous_0)","decl":{"start":{"line":15,"column":17},"end":{"line":15,"column":18}},"loc":{"start":{"line":15,"column":43},"end":{"line":43,"column":1}},"line":15},"1":{"name":"(anonymous_1)","decl":{"start":{"line":18,"column":23},"end":{"line":18,"column":24}},"loc":{"start":{"line":18,"column":53},"end":{"line":20,"column":3}},"line":18},"2":{"name":"(anonymous_2)","decl":{"start":{"line":33,"column":29},"end":{"line":33,"column":30}},"loc":{"start":{"line":33,"column":43},"end":{"line":39,"column":9}},"line":33}},"branchMap":{},"s":{"0":4,"1":10,"2":10,"3":1,"4":10,"5":30},"f":{"0":10,"1":1,"2":30},"b":{},"_coverageSchema":"1a1c01bbd47fc00a2c39e90264f33305004495a9","hash":"0a2913a8a99e064214ba544fb7f52562f8830d3c"}
,"/home/asishk/Desktop/Fe-Integrate/src/Components/molecules/Pagination/index.stories.tsx": {"path":"/home/asishk/Desktop/Fe-Integrate/src/Components/molecules/Pagination/index.stories.tsx","statementMap":{"0":{"start":{"line":10,"column":57},"end":{"line":12,"column":5}},"1":{"start":{"line":11,"column":4},"end":{"line":11,"column":31}},"2":{"start":{"line":13,"column":35},"end":{"line":13,"column":52}},"3":{"start":{"line":15,"column":4},"end":{"line":18,"column":5}},"4":{"start":{"line":17,"column":22},"end":{"line":17,"column":47}}},"fnMap":{"0":{"name":"(anonymous_0)","decl":{"start":{"line":10,"column":57},"end":{"line":10,"column":58}},"loc":{"start":{"line":11,"column":4},"end":{"line":11,"column":31}},"line":11},"1":{"name":"(anonymous_1)","decl":{"start":{"line":17,"column":16},"end":{"line":17,"column":17}},"loc":{"start":{"line":17,"column":22},"end":{"line":17,"column":47}},"line":17}},"branchMap":{},"s":{"0":0,"1":0,"2":0,"3":0,"4":0},"f":{"0":0,"1":0},"b":{}}
,"/home/asishk/Desktop/Fe-Integrate/src/Components/molecules/Pagination/index.tsx": {"path":"/home/asishk/Desktop/Fe-Integrate/src/Components/molecules/Pagination/index.tsx","statementMap":{"0":{"start":{"line":18,"column":18},"end":{"line":44,"column":3}},"1":{"start":{"line":18,"column":36},"end":{"line":44,"column":1}},"2":{"start":{"line":46,"column":23},"end":{"line":64,"column":1}},"3":{"start":{"line":47,"column":18},"end":{"line":47,"column":29}},"4":{"start":{"line":48,"column":2},"end":{"line":63,"column":4}},"5":{"start":{"line":58,"column":12},"end":{"line":58,"column":45}}},"fnMap":{"0":{"name":"(anonymous_0)","decl":{"start":{"line":18,"column":29},"end":{"line":18,"column":30}},"loc":{"start":{"line":18,"column":36},"end":{"line":44,"column":1}},"line":18},"1":{"name":"(anonymous_1)","decl":{"start":{"line":46,"column":23},"end":{"line":46,"column":24}},"loc":{"start":{"line":46,"column":41},"end":{"line":64,"column":1}},"line":46},"2":{"name":"(anonymous_2)","decl":{"start":{"line":57,"column":20},"end":{"line":57,"column":21}},"loc":{"start":{"line":58,"column":12},"end":{"line":58,"column":45}},"line":58}},"branchMap":{},"s":{"0":4,"1":3,"2":4,"3":5,"4":5,"5":0},"f":{"0":3,"1":5,"2":0},"b":{},"_coverageSchema":"1a1c01bbd47fc00a2c39e90264f33305004495a9","hash":"3e980f1d275ac449c3aec071c7056098fd1279a7"}
,"/home/asishk/Desktop/Fe-Integrate/src/Components/molecules/alsoRead/index.stories.tsx": {"path":"/home/asishk/Desktop/Fe-Integrate/src/Components/molecules/alsoRead/index.stories.tsx","statementMap":{"0":{"start":{"line":12,"column":51},"end":{"line":14,"column":5}},"1":{"start":{"line":13,"column":4},"end":{"line":13,"column":25}},"2":{"start":{"line":15,"column":32},"end":{"line":15,"column":49}},"3":{"start":{"line":17,"column":4},"end":{"line":23,"column":1}},"4":{"start":{"line":25,"column":27},"end":{"line":25,"column":44}},"5":{"start":{"line":27,"column":0},"end":{"line":33,"column":1}}},"fnMap":{"0":{"name":"(anonymous_0)","decl":{"start":{"line":12,"column":51},"end":{"line":12,"column":52}},"loc":{"start":{"line":13,"column":4},"end":{"line":13,"column":25}},"line":13}},"branchMap":{},"s":{"0":0,"1":0,"2":0,"3":0,"4":0,"5":0},"f":{"0":0},"b":{}}
,"/home/asishk/Desktop/Fe-Integrate/src/Components/molecules/alsoRead/index.tsx": {"path":"/home/asishk/Desktop/Fe-Integrate/src/Components/molecules/alsoRead/index.tsx","statementMap":{"0":{"start":{"line":22,"column":18},"end":{"line":61,"column":2}},"1":{"start":{"line":63,"column":17},"end":{"line":122,"column":1}},"2":{"start":{"line":64,"column":18},"end":{"line":64,"column":29}},"3":{"start":{"line":65,"column":2},"end":{"line":121,"column":4}}},"fnMap":{"0":{"name":"(anonymous_0)","decl":{"start":{"line":63,"column":17},"end":{"line":63,"column":18}},"loc":{"start":{"line":63,"column":43},"end":{"line":122,"column":1}},"line":63}},"branchMap":{},"s":{"0":3,"1":3,"2":13,"3":13},"f":{"0":13},"b":{},"_coverageSchema":"1a1c01bbd47fc00a2c39e90264f33305004495a9","hash":"003211e34ca24881cea01bb7f00b1644616897f5"}
,"/home/asishk/Desktop/Fe-Integrate/src/Components/molecules/banner/index.stories.tsx": {"path":"/home/asishk/Desktop/Fe-Integrate/src/Components/molecules/banner/index.stories.tsx","statementMap":{"0":{"start":{"line":11,"column":57},"end":{"line":13,"column":1}},"1":{"start":{"line":12,"column":2},"end":{"line":12,"column":47}},"2":{"start":{"line":15,"column":22},"end":{"line":15,"column":39}},"3":{"start":{"line":17,"column":0},"end":{"line":19,"column":2}}},"fnMap":{"0":{"name":"(anonymous_0)","decl":{"start":{"line":11,"column":57},"end":{"line":11,"column":58}},"loc":{"start":{"line":12,"column":2},"end":{"line":12,"column":47}},"line":12}},"branchMap":{},"s":{"0":0,"1":0,"2":0,"3":0},"f":{"0":0},"b":{}}
,"/home/asishk/Desktop/Fe-Integrate/src/Components/molecules/banner/index.tsx": {"path":"/home/asishk/Desktop/Fe-Integrate/src/Components/molecules/banner/index.tsx","statementMap":{"0":{"start":{"line":17,"column":18},"end":{"line":22,"column":2}},"1":{"start":{"line":24,"column":16},"end":{"line":33,"column":2}},"2":{"start":{"line":35,"column":17},"end":{"line":42,"column":2}},"3":{"start":{"line":44,"column":24},"end":{"line":81,"column":1}},"4":{"start":{"line":45,"column":2},"end":{"line":80,"column":4}}},"fnMap":{"0":{"name":"(anonymous_0)","decl":{"start":{"line":44,"column":24},"end":{"line":44,"column":25}},"loc":{"start":{"line":44,"column":48},"end":{"line":81,"column":1}},"line":44}},"branchMap":{},"s":{"0":3,"1":3,"2":3,"3":3,"4":3},"f":{"0":3},"b":{},"_coverageSchema":"1a1c01bbd47fc00a2c39e90264f33305004495a9","hash":"dd51cafe9b5e8bef754c43deacf8729a6f081b7c"}
,"/home/asishk/Desktop/Fe-Integrate/src/Components/molecules/bookDescription/index.stories.tsx": {"path":"/home/asishk/Desktop/Fe-Integrate/src/Components/molecules/bookDescription/index.stories.tsx","statementMap":{"0":{"start":{"line":13,"column":58},"end":{"line":17,"column":5}},"1":{"start":{"line":14,"column":4},"end":{"line":16,"column":20}},"2":{"start":{"line":18,"column":38},"end":{"line":18,"column":55}},"3":{"start":{"line":20,"column":4},"end":{"line":26,"column":5}},"4":{"start":{"line":28,"column":42},"end":{"line":28,"column":59}},"5":{"start":{"line":30,"column":4},"end":{"line":36,"column":5}}},"fnMap":{"0":{"name":"(anonymous_0)","decl":{"start":{"line":13,"column":58},"end":{"line":13,"column":59}},"loc":{"start":{"line":14,"column":4},"end":{"line":16,"column":20}},"line":14}},"branchMap":{},"s":{"0":0,"1":0,"2":0,"3":0,"4":0,"5":0},"f":{"0":0},"b":{}}
,"/home/asishk/Desktop/Fe-Integrate/src/Components/molecules/bookDescription/index.tsx": {"path":"/home/asishk/Desktop/Fe-Integrate/src/Components/molecules/bookDescription/index.tsx","statementMap":{"0":{"start":{"line":18,"column":18},"end":{"line":41,"column":2}},"1":{"start":{"line":43,"column":24},"end":{"line":69,"column":1}},"2":{"start":{"line":44,"column":18},"end":{"line":44,"column":29}},"3":{"start":{"line":45,"column":19},"end":{"line":45,"column":32}},"4":{"start":{"line":46,"column":29},"end":{"line":48,"column":3}},"5":{"start":{"line":47,"column":4},"end":{"line":47,"column":29}},"6":{"start":{"line":49,"column":2},"end":{"line":68,"column":4}},"7":{"start":{"line":50,"column":78},"end":{"line":50,"column":106}}},"fnMap":{"0":{"name":"(anonymous_0)","decl":{"start":{"line":43,"column":24},"end":{"line":43,"column":25}},"loc":{"start":{"line":43,"column":57},"end":{"line":69,"column":1}},"line":43},"1":{"name":"(anonymous_1)","decl":{"start":{"line":46,"column":29},"end":{"line":46,"column":30}},"loc":{"start":{"line":46,"column":45},"end":{"line":48,"column":3}},"line":46},"2":{"name":"(anonymous_2)","decl":{"start":{"line":50,"column":74},"end":{"line":50,"column":75}},"loc":{"start":{"line":50,"column":78},"end":{"line":50,"column":106}},"line":50}},"branchMap":{},"s":{"0":9,"1":9,"2":2,"3":2,"4":2,"5":0,"6":2,"7":0},"f":{"0":2,"1":0,"2":0},"b":{},"_coverageSchema":"1a1c01bbd47fc00a2c39e90264f33305004495a9","hash":"012d09381538b6ac7735b11d024226956da5634d"}
,"/home/asishk/Desktop/Fe-Integrate/src/Components/molecules/bookReading/index.stories.tsx": {"path":"/home/asishk/Desktop/Fe-Integrate/src/Components/molecules/bookReading/index.stories.tsx","statementMap":{"0":{"start":{"line":21,"column":42},"end":{"line":23,"column":1}},"1":{"start":{"line":22,"column":2},"end":{"line":22,"column":57}},"2":{"start":{"line":25,"column":21},"end":{"line":25,"column":38}},"3":{"start":{"line":26,"column":0},"end":{"line":34,"column":2}}},"fnMap":{"0":{"name":"(anonymous_0)","decl":{"start":{"line":21,"column":42},"end":{"line":21,"column":43}},"loc":{"start":{"line":22,"column":2},"end":{"line":22,"column":57}},"line":22}},"branchMap":{},"s":{"0":0,"1":0,"2":0,"3":0},"f":{"0":0},"b":{}}
,"/home/asishk/Desktop/Fe-Integrate/src/Components/molecules/bookReading/index.tsx": {"path":"/home/asishk/Desktop/Fe-Integrate/src/Components/molecules/bookReading/index.tsx","statementMap":{"0":{"start":{"line":18,"column":16},"end":{"line":22,"column":2}},"1":{"start":{"line":24,"column":17},"end":{"line":29,"column":2}},"2":{"start":{"line":31,"column":16},"end":{"line":36,"column":2}},"3":{"start":{"line":38,"column":29},"end":{"line":63,"column":1}},"4":{"start":{"line":39,"column":2},"end":{"line":62,"column":4}}},"fnMap":{"0":{"name":"(anonymous_0)","decl":{"start":{"line":38,"column":29},"end":{"line":38,"column":30}},"loc":{"start":{"line":38,"column":58},"end":{"line":63,"column":1}},"line":38}},"branchMap":{},"s":{"0":3,"1":3,"2":3,"3":3,"4":1},"f":{"0":1},"b":{},"_coverageSchema":"1a1c01bbd47fc00a2c39e90264f33305004495a9","hash":"c13706b93120b5ab94e312591af42d75dbef5ec3"}
,"/home/asishk/Desktop/Fe-Integrate/src/Components/molecules/card/index.stories.tsx": {"path":"/home/asishk/Desktop/Fe-Integrate/src/Components/molecules/card/index.stories.tsx","statementMap":{"0":{"start":{"line":21,"column":35},"end":{"line":21,"column":110}},"1":{"start":{"line":21,"column":45},"end":{"line":21,"column":110}},"2":{"start":{"line":23,"column":20},"end":{"line":23,"column":37}},"3":{"start":{"line":24,"column":0},"end":{"line":32,"column":2}}},"fnMap":{"0":{"name":"(anonymous_0)","decl":{"start":{"line":21,"column":35},"end":{"line":21,"column":36}},"loc":{"start":{"line":21,"column":45},"end":{"line":21,"column":110}},"line":21},"1":{"name":"(anonymous_1)","decl":{"start":{"line":21,"column":77},"end":{"line":21,"column":78}},"loc":{"start":{"line":21,"column":83},"end":{"line":21,"column":86}},"line":21}},"branchMap":{},"s":{"0":0,"1":0,"2":0,"3":0},"f":{"0":0,"1":0},"b":{}}
,"/home/asishk/Desktop/Fe-Integrate/src/Components/molecules/card/index.tsx": {"path":"/home/asishk/Desktop/Fe-Integrate/src/Components/molecules/card/index.tsx","statementMap":{"0":{"start":{"line":27,"column":17},"end":{"line":32,"column":2}},"1":{"start":{"line":34,"column":17},"end":{"line":105,"column":1}},"2":{"start":{"line":35,"column":42},"end":{"line":35,"column":70}},"3":{"start":{"line":36,"column":26},"end":{"line":42,"column":3}},"4":{"start":{"line":37,"column":4},"end":{"line":37,"column":20}},"5":{"start":{"line":38,"column":4},"end":{"line":38,"column":36}},"6":{"start":{"line":39,"column":4},"end":{"line":39,"column":35}},"7":{"start":{"line":40,"column":4},"end":{"line":40,"column":22}},"8":{"start":{"line":41,"column":4},"end":{"line":41,"column":44}},"9":{"start":{"line":44,"column":2},"end":{"line":46,"column":27}},"10":{"start":{"line":45,"column":4},"end":{"line":45,"column":39}},"11":{"start":{"line":47,"column":2},"end":{"line":104,"column":4}},"12":{"start":{"line":92,"column":29},"end":{"line":92,"column":58}}},"fnMap":{"0":{"name":"(anonymous_0)","decl":{"start":{"line":34,"column":17},"end":{"line":34,"column":18}},"loc":{"start":{"line":34,"column":39},"end":{"line":105,"column":1}},"line":34},"1":{"name":"(anonymous_1)","decl":{"start":{"line":36,"column":26},"end":{"line":36,"column":27}},"loc":{"start":{"line":36,"column":42},"end":{"line":42,"column":3}},"line":36},"2":{"name":"(anonymous_2)","decl":{"start":{"line":44,"column":12},"end":{"line":44,"column":13}},"loc":{"start":{"line":44,"column":18},"end":{"line":46,"column":3}},"line":44},"3":{"name":"(anonymous_3)","decl":{"start":{"line":92,"column":23},"end":{"line":92,"column":24}},"loc":{"start":{"line":92,"column":29},"end":{"line":92,"column":58}},"line":92}},"branchMap":{"0":{"loc":{"start":{"line":93,"column":20},"end":{"line":93,"column":60}},"type":"cond-expr","locations":[{"start":{"line":93,"column":35},"end":{"line":93,"column":49}},{"start":{"line":93,"column":52},"end":{"line":93,"column":60}}],"line":93}},"s":{"0":6,"1":6,"2":57,"3":57,"4":0,"5":0,"6":0,"7":0,"8":0,"9":57,"10":41,"11":57,"12":0},"f":{"0":57,"1":0,"2":41,"3":0},"b":{"0":[56,1]},"_coverageSchema":"1a1c01bbd47fc00a2c39e90264f33305004495a9","hash":"9ab8ec032c324eeb617ea47f2a1bf5901b3e9066"}
,"/home/asishk/Desktop/Fe-Integrate/src/Components/molecules/followReviews/index.stories.tsx": {"path":"/home/asishk/Desktop/Fe-Integrate/src/Components/molecules/followReviews/index.stories.tsx","statementMap":{"0":{"start":{"line":12,"column":55},"end":{"line":12,"column":91}},"1":{"start":{"line":12,"column":65},"end":{"line":12,"column":91}},"2":{"start":{"line":13,"column":23},"end":{"line":13,"column":40}},"3":{"start":{"line":14,"column":0},"end":{"line":20,"column":1}},"4":{"start":{"line":22,"column":24},"end":{"line":22,"column":41}},"5":{"start":{"line":23,"column":0},"end":{"line":29,"column":1}}},"fnMap":{"0":{"name":"(anonymous_0)","decl":{"start":{"line":12,"column":55},"end":{"line":12,"column":56}},"loc":{"start":{"line":12,"column":65},"end":{"line":12,"column":91}},"line":12}},"branchMap":{},"s":{"0":0,"1":0,"2":0,"3":0,"4":0,"5":0},"f":{"0":0},"b":{}}
,"/home/asishk/Desktop/Fe-Integrate/src/Components/molecules/followReviews/index.tsx": {"path":"/home/asishk/Desktop/Fe-Integrate/src/Components/molecules/followReviews/index.tsx","statementMap":{"0":{"start":{"line":16,"column":22},"end":{"line":53,"column":1}},"1":{"start":{"line":17,"column":4},"end":{"line":52,"column":5}}},"fnMap":{"0":{"name":"(anonymous_0)","decl":{"start":{"line":16,"column":22},"end":{"line":16,"column":23}},"loc":{"start":{"line":16,"column":89},"end":{"line":53,"column":1}},"line":16}},"branchMap":{},"s":{"0":3,"1":8},"f":{"0":8},"b":{},"_coverageSchema":"1a1c01bbd47fc00a2c39e90264f33305004495a9","hash":"868a28aba826b3721c5fc937796f67835f80f15f"}
,"/home/asishk/Desktop/Fe-Integrate/src/Components/molecules/landingpage/index.stories.tsx": {"path":"/home/asishk/Desktop/Fe-Integrate/src/Components/molecules/landingpage/index.stories.tsx","statementMap":{"0":{"start":{"line":10,"column":61},"end":{"line":12,"column":5}},"1":{"start":{"line":11,"column":4},"end":{"line":11,"column":25}},"2":{"start":{"line":13,"column":43},"end":{"line":13,"column":60}}},"fnMap":{"0":{"name":"(anonymous_0)","decl":{"start":{"line":10,"column":61},"end":{"line":10,"column":62}},"loc":{"start":{"line":11,"column":4},"end":{"line":11,"column":25}},"line":11}},"branchMap":{},"s":{"0":0,"1":0,"2":0},"f":{"0":0},"b":{}}
,"/home/asishk/Desktop/Fe-Integrate/src/Components/molecules/landingpage/index.tsx": {"path":"/home/asishk/Desktop/Fe-Integrate/src/Components/molecules/landingpage/index.tsx","statementMap":{"0":{"start":{"line":11,"column":27},"end":{"line":51,"column":1}},"1":{"start":{"line":12,"column":2},"end":{"line":50,"column":4}}},"fnMap":{"0":{"name":"(anonymous_0)","decl":{"start":{"line":11,"column":27},"end":{"line":11,"column":28}},"loc":{"start":{"line":11,"column":33},"end":{"line":51,"column":1}},"line":11}},"branchMap":{},"s":{"0":3,"1":3},"f":{"0":3},"b":{},"_coverageSchema":"1a1c01bbd47fc00a2c39e90264f33305004495a9","hash":"9bb782e0868bff3deb9fe230534b0834d245ccf9"}
,"/home/asishk/Desktop/Fe-Integrate/src/Components/molecules/list/index.stories.tsx": {"path":"/home/asishk/Desktop/Fe-Integrate/src/Components/molecules/list/index.stories.tsx","statementMap":{"0":{"start":{"line":12,"column":46},"end":{"line":12,"column":73}},"1":{"start":{"line":12,"column":56},"end":{"line":12,"column":73}},"2":{"start":{"line":14,"column":27},"end":{"line":14,"column":44}},"3":{"start":{"line":16,"column":0},"end":{"line":25,"column":1}},"4":{"start":{"line":27,"column":29},"end":{"line":27,"column":46}},"5":{"start":{"line":28,"column":0},"end":{"line":37,"column":1}}},"fnMap":{"0":{"name":"(anonymous_0)","decl":{"start":{"line":12,"column":46},"end":{"line":12,"column":47}},"loc":{"start":{"line":12,"column":56},"end":{"line":12,"column":73}},"line":12}},"branchMap":{},"s":{"0":0,"1":0,"2":0,"3":0,"4":0,"5":0},"f":{"0":0},"b":{}}
,"/home/asishk/Desktop/Fe-Integrate/src/Components/molecules/list/index.tsx": {"path":"/home/asishk/Desktop/Fe-Integrate/src/Components/molecules/list/index.tsx","statementMap":{"0":{"start":{"line":17,"column":21},"end":{"line":22,"column":1}},"1":{"start":{"line":24,"column":13},"end":{"line":76,"column":1}},"2":{"start":{"line":35,"column":2},"end":{"line":75,"column":4}}},"fnMap":{"0":{"name":"(anonymous_0)","decl":{"start":{"line":24,"column":13},"end":{"line":24,"column":14}},"loc":{"start":{"line":34,"column":17},"end":{"line":76,"column":1}},"line":34}},"branchMap":{},"s":{"0":9,"1":9,"2":18},"f":{"0":18},"b":{},"_coverageSchema":"1a1c01bbd47fc00a2c39e90264f33305004495a9","hash":"9772cf6a1bb3564066810ec5c735437a4336887c"}
,"/home/asishk/Desktop/Fe-Integrate/src/Components/molecules/notFound/index.stories.tsx": {"path":"/home/asishk/Desktop/Fe-Integrate/src/Components/molecules/notFound/index.stories.tsx","statementMap":{"0":{"start":{"line":17,"column":59},"end":{"line":19,"column":1}},"1":{"start":{"line":18,"column":2},"end":{"line":18,"column":51}},"2":{"start":{"line":21,"column":24},"end":{"line":21,"column":41}},"3":{"start":{"line":23,"column":0},"end":{"line":25,"column":2}}},"fnMap":{"0":{"name":"(anonymous_0)","decl":{"start":{"line":17,"column":59},"end":{"line":17,"column":60}},"loc":{"start":{"line":18,"column":2},"end":{"line":18,"column":51}},"line":18}},"branchMap":{},"s":{"0":0,"1":0,"2":0,"3":0},"f":{"0":0},"b":{}}
,"/home/asishk/Desktop/Fe-Integrate/src/Components/molecules/notFound/index.tsx": {"path":"/home/asishk/Desktop/Fe-Integrate/src/Components/molecules/notFound/index.tsx","statementMap":{"0":{"start":{"line":8,"column":20},"end":{"line":16,"column":2}},"1":{"start":{"line":18,"column":26},"end":{"line":26,"column":1}},"2":{"start":{"line":19,"column":2},"end":{"line":25,"column":4}}},"fnMap":{"0":{"name":"(anonymous_0)","decl":{"start":{"line":18,"column":26},"end":{"line":18,"column":27}},"loc":{"start":{"line":18,"column":52},"end":{"line":26,"column":1}},"line":18}},"branchMap":{},"s":{"0":8,"1":8,"2":2},"f":{"0":2},"b":{},"_coverageSchema":"1a1c01bbd47fc00a2c39e90264f33305004495a9","hash":"a261be21aaf5ca47b804d25c916b81fe406442bb"}
,"/home/asishk/Desktop/Fe-Integrate/src/Components/molecules/readingCount/index.stories.tsx": {"path":"/home/asishk/Desktop/Fe-Integrate/src/Components/molecules/readingCount/index.stories.tsx","statementMap":{"0":{"start":{"line":12,"column":55},"end":{"line":14,"column":5}},"1":{"start":{"line":13,"column":4},"end":{"line":13,"column":29}},"2":{"start":{"line":15,"column":37},"end":{"line":15,"column":54}},"3":{"start":{"line":17,"column":0},"end":{"line":21,"column":1}}},"fnMap":{"0":{"name":"(anonymous_0)","decl":{"start":{"line":12,"column":55},"end":{"line":12,"column":56}},"loc":{"start":{"line":13,"column":4},"end":{"line":13,"column":29}},"line":13}},"branchMap":{},"s":{"0":0,"1":0,"2":0,"3":0},"f":{"0":0},"b":{}}
,"/home/asishk/Desktop/Fe-Integrate/src/Components/molecules/readingCount/index.tsx": {"path":"/home/asishk/Desktop/Fe-Integrate/src/Components/molecules/readingCount/index.tsx","statementMap":{"0":{"start":{"line":14,"column":18},"end":{"line":26,"column":3}},"1":{"start":{"line":14,"column":36},"end":{"line":26,"column":1}},"2":{"start":{"line":28,"column":21},"end":{"line":54,"column":1}},"3":{"start":{"line":29,"column":18},"end":{"line":29,"column":29}},"4":{"start":{"line":30,"column":2},"end":{"line":53,"column":4}}},"fnMap":{"0":{"name":"(anonymous_0)","decl":{"start":{"line":14,"column":29},"end":{"line":14,"column":30}},"loc":{"start":{"line":14,"column":36},"end":{"line":26,"column":1}},"line":14},"1":{"name":"(anonymous_1)","decl":{"start":{"line":28,"column":21},"end":{"line":28,"column":22}},"loc":{"start":{"line":28,"column":51},"end":{"line":54,"column":1}},"line":28}},"branchMap":{},"s":{"0":3,"1":3,"2":3,"3":9,"4":9},"f":{"0":3,"1":9},"b":{},"_coverageSchema":"1a1c01bbd47fc00a2c39e90264f33305004495a9","hash":"a44889167859c6068c957fea3931d579f2d441f9"}
,"/home/asishk/Desktop/Fe-Integrate/src/Components/molecules/reviews/index.stories.tsx": {"path":"/home/asishk/Desktop/Fe-Integrate/src/Components/molecules/reviews/index.stories.tsx","statementMap":{"0":{"start":{"line":12,"column":48},"end":{"line":12,"column":77}},"1":{"start":{"line":12,"column":58},"end":{"line":12,"column":77}},"2":{"start":{"line":13,"column":23},"end":{"line":13,"column":40}},"3":{"start":{"line":14,"column":0},"end":{"line":20,"column":1}},"4":{"start":{"line":22,"column":24},"end":{"line":22,"column":41}},"5":{"start":{"line":23,"column":0},"end":{"line":29,"column":1}}},"fnMap":{"0":{"name":"(anonymous_0)","decl":{"start":{"line":12,"column":48},"end":{"line":12,"column":49}},"loc":{"start":{"line":12,"column":58},"end":{"line":12,"column":77}},"line":12}},"branchMap":{},"s":{"0":0,"1":0,"2":0,"3":0,"4":0,"5":0},"f":{"0":0},"b":{}}
,"/home/asishk/Desktop/Fe-Integrate/src/Components/molecules/reviews/index.tsx": {"path":"/home/asishk/Desktop/Fe-Integrate/src/Components/molecules/reviews/index.tsx","statementMap":{"0":{"start":{"line":18,"column":15},"end":{"line":110,"column":1}},"1":{"start":{"line":25,"column":2},"end":{"line":109,"column":4}}},"fnMap":{"0":{"name":"(anonymous_0)","decl":{"start":{"line":18,"column":15},"end":{"line":18,"column":16}},"loc":{"start":{"line":24,"column":20},"end":{"line":110,"column":1}},"line":24}},"branchMap":{},"s":{"0":3,"1":10},"f":{"0":10},"b":{},"_coverageSchema":"1a1c01bbd47fc00a2c39e90264f33305004495a9","hash":"8a826ee383fca3f14e20fd4523ec7bdc800dc89e"}
,"/home/asishk/Desktop/Fe-Integrate/src/Components/molecules/searchResult/index.stories.tsx": {"path":"/home/asishk/Desktop/Fe-Integrate/src/Components/molecules/searchResult/index.stories.tsx","statementMap":{"0":{"start":{"line":14,"column":54},"end":{"line":18,"column":1}},"1":{"start":{"line":15,"column":2},"end":{"line":17,"column":18}},"2":{"start":{"line":20,"column":28},"end":{"line":20,"column":45}},"3":{"start":{"line":21,"column":0},"end":{"line":53,"column":2}}},"fnMap":{"0":{"name":"(anonymous_0)","decl":{"start":{"line":14,"column":54},"end":{"line":14,"column":55}},"loc":{"start":{"line":15,"column":2},"end":{"line":17,"column":18}},"line":15}},"branchMap":{},"s":{"0":0,"1":0,"2":0,"3":0},"f":{"0":0},"b":{}}
,"/home/asishk/Desktop/Fe-Integrate/src/Components/molecules/searchResult/index.tsx": {"path":"/home/asishk/Desktop/Fe-Integrate/src/Components/molecules/searchResult/index.tsx","statementMap":{"0":{"start":{"line":46,"column":21},"end":{"line":81,"column":1}},"1":{"start":{"line":48,"column":2},"end":{"line":80,"column":4}},"2":{"start":{"line":53,"column":10},"end":{"line":62,"column":12}}},"fnMap":{"0":{"name":"(anonymous_0)","decl":{"start":{"line":46,"column":21},"end":{"line":46,"column":22}},"loc":{"start":{"line":46,"column":51},"end":{"line":81,"column":1}},"line":46},"1":{"name":"(anonymous_1)","decl":{"start":{"line":52,"column":26},"end":{"line":52,"column":27}},"loc":{"start":{"line":52,"column":42},"end":{"line":63,"column":9}},"line":52}},"branchMap":{},"s":{"0":8,"1":1,"2":1},"f":{"0":1,"1":1},"b":{},"_coverageSchema":"1a1c01bbd47fc00a2c39e90264f33305004495a9","hash":"0a9289bf9fb328cab181c21236722505d5ba19f7"}
,"/home/asishk/Desktop/Fe-Integrate/src/Components/molecules/searchResultCard/index.stories.tsx": {"path":"/home/asishk/Desktop/Fe-Integrate/src/Components/molecules/searchResultCard/index.stories.tsx","statementMap":{"0":{"start":{"line":12,"column":58},"end":{"line":14,"column":1}},"1":{"start":{"line":13,"column":2},"end":{"line":13,"column":32}},"2":{"start":{"line":15,"column":37},"end":{"line":15,"column":54}},"3":{"start":{"line":17,"column":0},"end":{"line":29,"column":1}},"4":{"start":{"line":27,"column":19},"end":{"line":27,"column":34}}},"fnMap":{"0":{"name":"(anonymous_0)","decl":{"start":{"line":12,"column":58},"end":{"line":12,"column":59}},"loc":{"start":{"line":13,"column":2},"end":{"line":13,"column":32}},"line":13},"1":{"name":"(anonymous_1)","decl":{"start":{"line":27,"column":13},"end":{"line":27,"column":14}},"loc":{"start":{"line":27,"column":19},"end":{"line":27,"column":34}},"line":27}},"branchMap":{},"s":{"0":0,"1":0,"2":0,"3":0,"4":0},"f":{"0":0,"1":0},"b":{}}
,"/home/asishk/Desktop/Fe-Integrate/src/Components/molecules/searchResultCard/index.tsx": {"path":"/home/asishk/Desktop/Fe-Integrate/src/Components/molecules/searchResultCard/index.tsx","statementMap":{"0":{"start":{"line":34,"column":18},"end":{"line":81,"column":2}},"1":{"start":{"line":83,"column":25},"end":{"line":236,"column":1}},"2":{"start":{"line":85,"column":2},"end":{"line":85,"column":44}},"3":{"start":{"line":86,"column":18},"end":{"line":86,"column":29}},"4":{"start":{"line":87,"column":2},"end":{"line":235,"column":4}}},"fnMap":{"0":{"name":"(anonymous_0)","decl":{"start":{"line":83,"column":25},"end":{"line":83,"column":26}},"loc":{"start":{"line":83,"column":59},"end":{"line":236,"column":1}},"line":83},"1":{"name":"(anonymous_1)","decl":{"start":{"line":85,"column":12},"end":{"line":85,"column":13}},"loc":{"start":{"line":85,"column":18},"end":{"line":85,"column":20}},"line":85}},"branchMap":{"0":{"loc":{"start":{"line":192,"column":13},"end":{"line":220,"column":13}},"type":"cond-expr","locations":[{"start":{"line":193,"column":14},"end":{"line":205,"column":16}},{"start":{"line":207,"column":14},"end":{"line":219,"column":16}}],"line":192}},"s":{"0":4,"1":4,"2":14,"3":14,"4":14},"f":{"0":14,"1":12},"b":{"0":[13,1]},"_coverageSchema":"1a1c01bbd47fc00a2c39e90264f33305004495a9","hash":"793e62ecdb2267b2b5c583164641938a271f2043"}
,"/home/asishk/Desktop/Fe-Integrate/src/Components/molecules/tabsBarData/index.stories.tsx": {"path":"/home/asishk/Desktop/Fe-Integrate/src/Components/molecules/tabsBarData/index.stories.tsx","statementMap":{"0":{"start":{"line":10,"column":53},"end":{"line":13,"column":6}},"1":{"start":{"line":10,"column":59},"end":{"line":13,"column":6}},"2":{"start":{"line":11,"column":1},"end":{"line":11,"column":29}},"3":{"start":{"line":15,"column":32},"end":{"line":15,"column":49}}},"fnMap":{"0":{"name":"(anonymous_0)","decl":{"start":{"line":10,"column":53},"end":{"line":10,"column":54}},"loc":{"start":{"line":10,"column":59},"end":{"line":13,"column":6}},"line":10},"1":{"name":"(anonymous_1)","decl":{"start":{"line":10,"column":85},"end":{"line":10,"column":86}},"loc":{"start":{"line":10,"column":99},"end":{"line":13,"column":1}},"line":10}},"branchMap":{},"s":{"0":0,"1":0,"2":0,"3":0},"f":{"0":0,"1":0},"b":{}}
,"/home/asishk/Desktop/Fe-Integrate/src/Components/molecules/tabsBarData/index.tsx": {"path":"/home/asishk/Desktop/Fe-Integrate/src/Components/molecules/tabsBarData/index.tsx","statementMap":{"0":{"start":{"line":9,"column":18},"end":{"line":19,"column":2}},"1":{"start":{"line":25,"column":20},"end":{"line":62,"column":1}},"2":{"start":{"line":26,"column":18},"end":{"line":26,"column":29}},"3":{"start":{"line":27,"column":2},"end":{"line":61,"column":4}},"4":{"start":{"line":31,"column":10},"end":{"line":57,"column":12}},"5":{"start":{"line":42,"column":33},"end":{"line":42,"column":59}}},"fnMap":{"0":{"name":"(anonymous_0)","decl":{"start":{"line":25,"column":20},"end":{"line":25,"column":21}},"loc":{"start":{"line":25,"column":39},"end":{"line":62,"column":1}},"line":25},"1":{"name":"(anonymous_1)","decl":{"start":{"line":30,"column":22},"end":{"line":30,"column":23}},"loc":{"start":{"line":30,"column":37},"end":{"line":58,"column":9}},"line":30},"2":{"name":"(anonymous_2)","decl":{"start":{"line":42,"column":27},"end":{"line":42,"column":28}},"loc":{"start":{"line":42,"column":33},"end":{"line":42,"column":59}},"line":42}},"branchMap":{},"s":{"0":8,"1":8,"2":4,"3":2,"4":16,"5":0},"f":{"0":4,"1":16,"2":0},"b":{},"_coverageSchema":"1a1c01bbd47fc00a2c39e90264f33305004495a9","hash":"6207b675793661a620f1d402a403d09d3e199039"}
,"/home/asishk/Desktop/Fe-Integrate/src/Components/organisms/BookPageDetails/index.stories.tsx": {"path":"/home/asishk/Desktop/Fe-Integrate/src/Components/organisms/BookPageDetails/index.stories.tsx","statementMap":{"0":{"start":{"line":11,"column":57},"end":{"line":15,"column":1}},"1":{"start":{"line":12,"column":2},"end":{"line":14,"column":18}},"2":{"start":{"line":17,"column":29},"end":{"line":17,"column":46}}},"fnMap":{"0":{"name":"(anonymous_0)","decl":{"start":{"line":11,"column":57},"end":{"line":11,"column":58}},"loc":{"start":{"line":12,"column":2},"end":{"line":14,"column":18}},"line":12}},"branchMap":{},"s":{"0":0,"1":0,"2":0},"f":{"0":0},"b":{}}
,"/home/asishk/Desktop/Fe-Integrate/src/Components/organisms/BookPageDetails/index.tsx": {"path":"/home/asishk/Desktop/Fe-Integrate/src/Components/organisms/BookPageDetails/index.tsx","statementMap":{"0":{"start":{"line":25,"column":24},"end":{"line":257,"column":1}},"1":{"start":{"line":26,"column":2},"end":{"line":256,"column":4}},"2":{"start":{"line":61,"column":16},"end":{"line":78,"column":18}},"3":{"start":{"line":135,"column":12},"end":{"line":146,"column":14}},"4":{"start":{"line":185,"column":12},"end":{"line":196,"column":14}},"5":{"start":{"line":230,"column":12},"end":{"line":248,"column":14}}},"fnMap":{"0":{"name":"(anonymous_0)","decl":{"start":{"line":25,"column":24},"end":{"line":25,"column":25}},"loc":{"start":{"line":25,"column":57},"end":{"line":257,"column":1}},"line":25},"1":{"name":"(anonymous_1)","decl":{"start":{"line":60,"column":28},"end":{"line":60,"column":29}},"loc":{"start":{"line":60,"column":43},"end":{"line":79,"column":15}},"line":60},"2":{"name":"(anonymous_2)","decl":{"start":{"line":134,"column":24},"end":{"line":134,"column":25}},"loc":{"start":{"line":134,"column":39},"end":{"line":147,"column":11}},"line":134},"3":{"name":"(anonymous_3)","decl":{"start":{"line":184,"column":31},"end":{"line":184,"column":32}},"loc":{"start":{"line":184,"column":48},"end":{"line":197,"column":11}},"line":184},"4":{"name":"(anonymous_4)","decl":{"start":{"line":229,"column":30},"end":{"line":229,"column":31}},"loc":{"start":{"line":229,"column":47},"end":{"line":249,"column":11}},"line":229}},"branchMap":{},"s":{"0":2,"1":4,"2":6,"3":6,"4":6,"5":8},"f":{"0":4,"1":6,"2":6,"3":6,"4":8},"b":{},"_coverageSchema":"1a1c01bbd47fc00a2c39e90264f33305004495a9","hash":"05fb559f7b9b73b464047bc08a39dfee10fa7fb8"}
,"/home/asishk/Desktop/Fe-Integrate/src/Components/organisms/allTopics/index.stories.tsx": {"path":"/home/asishk/Desktop/Fe-Integrate/src/Components/organisms/allTopics/index.stories.tsx","statementMap":{"0":{"start":{"line":11,"column":51},"end":{"line":15,"column":1}},"1":{"start":{"line":12,"column":0},"end":{"line":14,"column":16}},"2":{"start":{"line":17,"column":29},"end":{"line":17,"column":46}}},"fnMap":{"0":{"name":"(anonymous_0)","decl":{"start":{"line":11,"column":51},"end":{"line":11,"column":52}},"loc":{"start":{"line":12,"column":0},"end":{"line":14,"column":16}},"line":12}},"branchMap":{},"s":{"0":0,"1":0,"2":0},"f":{"0":0},"b":{}}
,"/home/asishk/Desktop/Fe-Integrate/src/Components/organisms/allTopics/index.tsx": {"path":"/home/asishk/Desktop/Fe-Integrate/src/Components/organisms/allTopics/index.tsx","statementMap":{"0":{"start":{"line":25,"column":18},"end":{"line":35,"column":2}},"1":{"start":{"line":38,"column":47},"end":{"line":38,"column":52}},"2":{"start":{"line":40,"column":2},"end":{"line":54,"column":4}},"3":{"start":{"line":58,"column":2},"end":{"line":61,"column":4}},"4":{"start":{"line":64,"column":17},"end":{"line":195,"column":1}},"5":{"start":{"line":65,"column":28},"end":{"line":65,"column":45}},"6":{"start":{"line":66,"column":19},"end":{"line":66,"column":32}},"7":{"start":{"line":68,"column":32},"end":{"line":68,"column":52}},"8":{"start":{"line":69,"column":34},"end":{"line":69,"column":62}},"9":{"start":{"line":70,"column":36},"end":{"line":70,"column":64}},"10":{"start":{"line":72,"column":2},"end":{"line":79,"column":18}},"11":{"start":{"line":73,"column":20},"end":{"line":77,"column":5}},"12":{"start":{"line":74,"column":18},"end":{"line":74,"column":66}},"13":{"start":{"line":75,"column":22},"end":{"line":75,"column":30}},"14":{"start":{"line":76,"column":6},"end":{"line":76,"column":27}},"15":{"start":{"line":78,"column":4},"end":{"line":78,"column":14}},"16":{"start":{"line":81,"column":23},"end":{"line":83,"column":3}},"17":{"start":{"line":82,"column":4},"end":{"line":82,"column":23}},"18":{"start":{"line":85,"column":17},"end":{"line":98,"column":3}},"19":{"start":{"line":86,"column":26},"end":{"line":95,"column":6}},"20":{"start":{"line":88,"column":37},"end":{"line":88,"column":84}},"21":{"start":{"line":90,"column":6},"end":{"line":94,"column":8}},"22":{"start":{"line":97,"column":4},"end":{"line":97,"column":25}},"23":{"start":{"line":99,"column":2},"end":{"line":99,"column":24}},"24":{"start":{"line":100,"column":22},"end":{"line":112,"column":3}},"25":{"start":{"line":101,"column":16},"end":{"line":103,"column":6}},"26":{"start":{"line":102,"column":6},"end":{"line":102,"column":26}},"27":{"start":{"line":105,"column":16},"end":{"line":105,"column":44}},"28":{"start":{"line":106,"column":4},"end":{"line":106,"column":18}},"29":{"start":{"line":107,"column":4},"end":{"line":107,"column":33}},"30":{"start":{"line":108,"column":4},"end":{"line":108,"column":20}},"31":{"start":{"line":109,"column":16},"end":{"line":109,"column":37}},"32":{"start":{"line":110,"column":4},"end":{"line":110,"column":22}},"33":{"start":{"line":111,"column":4},"end":{"line":111,"column":34}},"34":{"start":{"line":114,"column":30},"end":{"line":121,"column":3}},"35":{"start":{"line":115,"column":4},"end":{"line":120,"column":7}},"36":{"start":{"line":123,"column":18},"end":{"line":123,"column":29}},"37":{"start":{"line":124,"column":2},"end":{"line":194,"column":4}}},"fnMap":{"0":{"name":"TabPanel","decl":{"start":{"line":37,"column":9},"end":{"line":37,"column":17}},"loc":{"start":{"line":37,"column":40},"end":{"line":55,"column":1}},"line":37},"1":{"name":"a11yProps","decl":{"start":{"line":57,"column":9},"end":{"line":57,"column":18}},"loc":{"start":{"line":57,"column":34},"end":{"line":62,"column":1}},"line":57},"2":{"name":"(anonymous_2)","decl":{"start":{"line":64,"column":17},"end":{"line":64,"column":18}},"loc":{"start":{"line":64,"column":23},"end":{"line":195,"column":1}},"line":64},"3":{"name":"(anonymous_3)","decl":{"start":{"line":72,"column":12},"end":{"line":72,"column":13}},"loc":{"start":{"line":72,"column":18},"end":{"line":79,"column":3}},"line":72},"4":{"name":"(anonymous_4)","decl":{"start":{"line":73,"column":20},"end":{"line":73,"column":21}},"loc":{"start":{"line":73,"column":32},"end":{"line":77,"column":5}},"line":73},"5":{"name":"(anonymous_5)","decl":{"start":{"line":81,"column":23},"end":{"line":81,"column":24}},"loc":{"start":{"line":81,"column":74},"end":{"line":83,"column":3}},"line":81},"6":{"name":"(anonymous_6)","decl":{"start":{"line":85,"column":17},"end":{"line":85,"column":18}},"loc":{"start":{"line":85,"column":46},"end":{"line":98,"column":3}},"line":85},"7":{"name":"(anonymous_7)","decl":{"start":{"line":86,"column":39},"end":{"line":86,"column":40}},"loc":{"start":{"line":86,"column":63},"end":{"line":95,"column":5}},"line":86},"8":{"name":"(anonymous_8)","decl":{"start":{"line":100,"column":22},"end":{"line":100,"column":23}},"loc":{"start":{"line":100,"column":38},"end":{"line":112,"column":3}},"line":100},"9":{"name":"(anonymous_9)","decl":{"start":{"line":101,"column":32},"end":{"line":101,"column":33}},"loc":{"start":{"line":101,"column":40},"end":{"line":103,"column":5}},"line":101},"10":{"name":"(anonymous_10)","decl":{"start":{"line":114,"column":30},"end":{"line":114,"column":31}},"loc":{"start":{"line":114,"column":72},"end":{"line":121,"column":3}},"line":114}},"branchMap":{"0":{"loc":{"start":{"line":48,"column":7},"end":{"line":52,"column":7}},"type":"binary-expr","locations":[{"start":{"line":48,"column":7},"end":{"line":48,"column":22}},{"start":{"line":49,"column":8},"end":{"line":51,"column":14}}],"line":48}},"s":{"0":7,"1":17,"2":16,"3":16,"4":7,"5":5,"6":4,"7":4,"8":4,"9":4,"10":4,"11":1,"12":1,"13":0,"14":0,"15":1,"16":4,"17":3,"18":4,"19":0,"20":0,"21":0,"22":0,"23":4,"24":4,"25":0,"26":0,"27":0,"28":0,"29":0,"30":0,"31":0,"32":0,"33":0,"34":4,"35":0,"36":4,"37":4},"f":{"0":17,"1":16,"2":5,"3":1,"4":1,"5":3,"6":0,"7":0,"8":0,"9":0,"10":0},"b":{"0":[16,4]},"_coverageSchema":"1a1c01bbd47fc00a2c39e90264f33305004495a9","hash":"525ed635639720a75c83c06f38c9b86c7d701954"}
,"/home/asishk/Desktop/Fe-Integrate/src/Components/organisms/bookCards/index.stories.tsx": {"path":"/home/asishk/Desktop/Fe-Integrate/src/Components/organisms/bookCards/index.stories.tsx","statementMap":{"0":{"start":{"line":12,"column":39},"end":{"line":42,"column":1}},"1":{"start":{"line":43,"column":51},"end":{"line":47,"column":5}},"2":{"start":{"line":44,"column":4},"end":{"line":46,"column":20}},"3":{"start":{"line":48,"column":33},"end":{"line":48,"column":50}}},"fnMap":{"0":{"name":"(anonymous_0)","decl":{"start":{"line":43,"column":51},"end":{"line":43,"column":52}},"loc":{"start":{"line":44,"column":4},"end":{"line":46,"column":20}},"line":44}},"branchMap":{},"s":{"0":0,"1":0,"2":0,"3":0},"f":{"0":0},"b":{}}
,"/home/asishk/Desktop/Fe-Integrate/src/Components/organisms/bookCards/index.tsx": {"path":"/home/asishk/Desktop/Fe-Integrate/src/Components/organisms/bookCards/index.tsx","statementMap":{"0":{"start":{"line":54,"column":18},"end":{"line":61,"column":3}},"1":{"start":{"line":54,"column":36},"end":{"line":61,"column":1}},"2":{"start":{"line":65,"column":18},"end":{"line":256,"column":1}},"3":{"start":{"line":67,"column":18},"end":{"line":67,"column":29}},"4":{"start":{"line":68,"column":26},"end":{"line":68,"column":37}},"5":{"start":{"line":69,"column":43},"end":{"line":69,"column":58}},"6":{"start":{"line":70,"column":36},"end":{"line":70,"column":60}},"7":{"start":{"line":72,"column":34},"end":{"line":102,"column":4}},"8":{"start":{"line":103,"column":2},"end":{"line":105,"column":32}},"9":{"start":{"line":104,"column":4},"end":{"line":104,"column":68}},"10":{"start":{"line":108,"column":23},"end":{"line":113,"column":3}},"11":{"start":{"line":110,"column":6},"end":{"line":110,"column":39}},"12":{"start":{"line":115,"column":30},"end":{"line":124,"column":3}},"13":{"start":{"line":116,"column":4},"end":{"line":116,"column":31}},"14":{"start":{"line":117,"column":4},"end":{"line":122,"column":5}},"15":{"start":{"line":118,"column":6},"end":{"line":118,"column":23}},"16":{"start":{"line":119,"column":6},"end":{"line":119,"column":23}},"17":{"start":{"line":121,"column":6},"end":{"line":121,"column":25}},"18":{"start":{"line":126,"column":27},"end":{"line":134,"column":3}},"19":{"start":{"line":131,"column":16},"end":{"line":131,"column":25}},"20":{"start":{"line":132,"column":4},"end":{"line":132,"column":63}},"21":{"start":{"line":133,"column":4},"end":{"line":133,"column":25}},"22":{"start":{"line":136,"column":26},"end":{"line":138,"column":3}},"23":{"start":{"line":137,"column":4},"end":{"line":137,"column":52}},"24":{"start":{"line":140,"column":19},"end":{"line":140,"column":32}},"25":{"start":{"line":141,"column":29},"end":{"line":143,"column":3}},"26":{"start":{"line":142,"column":4},"end":{"line":142,"column":29}},"27":{"start":{"line":145,"column":2},"end":{"line":255,"column":4}},"28":{"start":{"line":208,"column":14},"end":{"line":233,"column":16}},"29":{"start":{"line":228,"column":43},"end":{"line":228,"column":102}},"30":{"start":{"line":229,"column":41},"end":{"line":229,"column":77}}},"fnMap":{"0":{"name":"(anonymous_0)","decl":{"start":{"line":54,"column":29},"end":{"line":54,"column":30}},"loc":{"start":{"line":54,"column":36},"end":{"line":61,"column":1}},"line":54},"1":{"name":"(anonymous_1)","decl":{"start":{"line":65,"column":18},"end":{"line":65,"column":19}},"loc":{"start":{"line":65,"column":45},"end":{"line":256,"column":1}},"line":65},"2":{"name":"(anonymous_2)","decl":{"start":{"line":103,"column":12},"end":{"line":103,"column":13}},"loc":{"start":{"line":103,"column":18},"end":{"line":105,"column":3}},"line":103},"3":{"name":"(anonymous_3)","decl":{"start":{"line":109,"column":4},"end":{"line":109,"column":5}},"loc":{"start":{"line":109,"column":20},"end":{"line":111,"column":5}},"line":109},"4":{"name":"(anonymous_4)","decl":{"start":{"line":115,"column":30},"end":{"line":115,"column":31}},"loc":{"start":{"line":115,"column":64},"end":{"line":124,"column":3}},"line":115},"5":{"name":"(anonymous_5)","decl":{"start":{"line":126,"column":27},"end":{"line":126,"column":28}},"loc":{"start":{"line":129,"column":7},"end":{"line":134,"column":3}},"line":129},"6":{"name":"(anonymous_6)","decl":{"start":{"line":136,"column":26},"end":{"line":136,"column":27}},"loc":{"start":{"line":136,"column":40},"end":{"line":138,"column":3}},"line":136},"7":{"name":"(anonymous_7)","decl":{"start":{"line":141,"column":29},"end":{"line":141,"column":30}},"loc":{"start":{"line":141,"column":45},"end":{"line":143,"column":3}},"line":141},"8":{"name":"(anonymous_8)","decl":{"start":{"line":207,"column":25},"end":{"line":207,"column":26}},"loc":{"start":{"line":207,"column":40},"end":{"line":234,"column":13}},"line":207},"9":{"name":"(anonymous_9)","decl":{"start":{"line":228,"column":37},"end":{"line":228,"column":38}},"loc":{"start":{"line":228,"column":43},"end":{"line":228,"column":102}},"line":228},"10":{"name":"(anonymous_10)","decl":{"start":{"line":229,"column":35},"end":{"line":229,"column":36}},"loc":{"start":{"line":229,"column":41},"end":{"line":229,"column":77}},"line":229}},"branchMap":{"0":{"loc":{"start":{"line":117,"column":4},"end":{"line":122,"column":5}},"type":"if","locations":[{"start":{"line":117,"column":4},"end":{"line":122,"column":5}},{"start":{"line":120,"column":11},"end":{"line":122,"column":5}}],"line":117},"1":{"loc":{"start":{"line":156,"column":13},"end":{"line":175,"column":13}},"type":"cond-expr","locations":[{"start":{"line":157,"column":14},"end":{"line":165,"column":27}},{"start":{"line":167,"column":14},"end":{"line":174,"column":27}}],"line":156},"2":{"loc":{"start":{"line":206,"column":11},"end":{"line":234,"column":14}},"type":"binary-expr","locations":[{"start":{"line":206,"column":11},"end":{"line":206,"column":30}},{"start":{"line":207,"column":12},"end":{"line":234,"column":14}}],"line":206}},"s":{"0":3,"1":2,"2":3,"3":6,"4":4,"5":4,"6":4,"7":4,"8":4,"9":2,"10":4,"11":0,"12":4,"13":0,"14":0,"15":0,"16":0,"17":0,"18":4,"19":0,"20":0,"21":0,"22":4,"23":4,"24":4,"25":4,"26":0,"27":4,"28":13,"29":0,"30":0},"f":{"0":2,"1":6,"2":2,"3":0,"4":0,"5":0,"6":4,"7":0,"8":13,"9":0,"10":0},"b":{"0":[0,0],"1":[4,0],"2":[4,4]},"_coverageSchema":"1a1c01bbd47fc00a2c39e90264f33305004495a9","hash":"242c00902b8a8fb299ea41c7936736e13307ab01"}
,"/home/asishk/Desktop/Fe-Integrate/src/Components/organisms/bookDetails/index.stories.tsx": {"path":"/home/asishk/Desktop/Fe-Integrate/src/Components/organisms/bookDetails/index.stories.tsx","statementMap":{"0":{"start":{"line":10,"column":53},"end":{"line":12,"column":1}},"1":{"start":{"line":11,"column":2},"end":{"line":11,"column":27}},"2":{"start":{"line":14,"column":27},"end":{"line":14,"column":44}},"3":{"start":{"line":15,"column":0},"end":{"line":17,"column":2}}},"fnMap":{"0":{"name":"(anonymous_0)","decl":{"start":{"line":10,"column":53},"end":{"line":10,"column":54}},"loc":{"start":{"line":11,"column":2},"end":{"line":11,"column":27}},"line":11}},"branchMap":{},"s":{"0":0,"1":0,"2":0,"3":0},"f":{"0":0},"b":{}}
,"/home/asishk/Desktop/Fe-Integrate/src/Components/organisms/bookDetails/index.tsx": {"path":"/home/asishk/Desktop/Fe-Integrate/src/Components/organisms/bookDetails/index.tsx","statementMap":{"0":{"start":{"line":32,"column":34},"end":{"line":32,"column":65}},"1":{"start":{"line":33,"column":38},"end":{"line":33,"column":69}},"2":{"start":{"line":34,"column":44},"end":{"line":34,"column":75}},"3":{"start":{"line":36,"column":20},"end":{"line":269,"column":1}},"4":{"start":{"line":37,"column":32},"end":{"line":37,"column":51}},"5":{"start":{"line":38,"column":34},"end":{"line":38,"column":52}},"6":{"start":{"line":40,"column":42},"end":{"line":40,"column":57}},"7":{"start":{"line":41,"column":2},"end":{"line":59,"column":57}},"8":{"start":{"line":42,"column":23},"end":{"line":57,"column":5}},"9":{"start":{"line":43,"column":6},"end":{"line":51,"column":11}},"10":{"start":{"line":46,"column":10},"end":{"line":46,"column":32}},"11":{"start":{"line":47,"column":10},"end":{"line":47,"column":52}},"12":{"start":{"line":50,"column":10},"end":{"line":50,"column":27}},"13":{"start":{"line":53,"column":25},"end":{"line":55,"column":25}},"14":{"start":{"line":56,"column":6},"end":{"line":56,"column":31}},"15":{"start":{"line":58,"column":4},"end":{"line":58,"column":25}},"16":{"start":{"line":61,"column":40},"end":{"line":61,"column":60}},"17":{"start":{"line":63,"column":21},"end":{"line":65,"column":21}},"18":{"start":{"line":66,"column":36},"end":{"line":66,"column":56}},"19":{"start":{"line":67,"column":46},"end":{"line":67,"column":76}},"20":{"start":{"line":69,"column":26},"end":{"line":84,"column":3}},"21":{"start":{"line":70,"column":4},"end":{"line":83,"column":5}},"22":{"start":{"line":74,"column":6},"end":{"line":74,"column":38}},"23":{"start":{"line":75,"column":6},"end":{"line":75,"column":42}},"24":{"start":{"line":76,"column":6},"end":{"line":76,"column":47}},"25":{"start":{"line":77,"column":6},"end":{"line":77,"column":35}},"26":{"start":{"line":79,"column":6},"end":{"line":79,"column":42}},"27":{"start":{"line":80,"column":6},"end":{"line":80,"column":41}},"28":{"start":{"line":81,"column":6},"end":{"line":81,"column":41}},"29":{"start":{"line":82,"column":6},"end":{"line":82,"column":36}},"30":{"start":{"line":86,"column":29},"end":{"line":95,"column":3}},"31":{"start":{"line":88,"column":20},"end":{"line":88,"column":46}},"32":{"start":{"line":89,"column":6},"end":{"line":91,"column":7}},"33":{"start":{"line":90,"column":8},"end":{"line":90,"column":40}},"34":{"start":{"line":92,"column":6},"end":{"line":92,"column":40}},"35":{"start":{"line":97,"column":24},"end":{"line":102,"column":3}},"36":{"start":{"line":99,"column":6},"end":{"line":99,"column":49}},"37":{"start":{"line":104,"column":23},"end":{"line":114,"column":3}},"38":{"start":{"line":106,"column":6},"end":{"line":106,"column":31}},"39":{"start":{"line":107,"column":20},"end":{"line":107,"column":43}},"40":{"start":{"line":108,"column":6},"end":{"line":110,"column":7}},"41":{"start":{"line":109,"column":8},"end":{"line":109,"column":37}},"42":{"start":{"line":111,"column":6},"end":{"line":111,"column":34}},"43":{"start":{"line":116,"column":20},"end":{"line":121,"column":3}},"44":{"start":{"line":118,"column":6},"end":{"line":118,"column":43}},"45":{"start":{"line":123,"column":25},"end":{"line":127,"column":3}},"46":{"start":{"line":124,"column":4},"end":{"line":124,"column":35}},"47":{"start":{"line":125,"column":4},"end":{"line":125,"column":68}},"48":{"start":{"line":126,"column":4},"end":{"line":126,"column":26}},"49":{"start":{"line":129,"column":2},"end":{"line":268,"column":4}}},"fnMap":{"0":{"name":"(anonymous_0)","decl":{"start":{"line":36,"column":20},"end":{"line":36,"column":21}},"loc":{"start":{"line":36,"column":49},"end":{"line":269,"column":1}},"line":36},"1":{"name":"(anonymous_1)","decl":{"start":{"line":41,"column":12},"end":{"line":41,"column":13}},"loc":{"start":{"line":41,"column":18},"end":{"line":59,"column":3}},"line":41},"2":{"name":"(anonymous_2)","decl":{"start":{"line":42,"column":23},"end":{"line":42,"column":24}},"loc":{"start":{"line":42,"column":44},"end":{"line":57,"column":5}},"line":42},"3":{"name":"(anonymous_3)","decl":{"start":{"line":45,"column":14},"end":{"line":45,"column":15}},"loc":{"start":{"line":45,"column":23},"end":{"line":48,"column":9}},"line":45},"4":{"name":"(anonymous_4)","decl":{"start":{"line":49,"column":15},"end":{"line":49,"column":16}},"loc":{"start":{"line":49,"column":24},"end":{"line":51,"column":9}},"line":49},"5":{"name":"(anonymous_5)","decl":{"start":{"line":69,"column":26},"end":{"line":69,"column":27}},"loc":{"start":{"line":69,"column":32},"end":{"line":84,"column":3}},"line":69},"6":{"name":"(anonymous_6)","decl":{"start":{"line":87,"column":4},"end":{"line":87,"column":5}},"loc":{"start":{"line":87,"column":20},"end":{"line":93,"column":5}},"line":87},"7":{"name":"(anonymous_7)","decl":{"start":{"line":98,"column":4},"end":{"line":98,"column":5}},"loc":{"start":{"line":98,"column":20},"end":{"line":100,"column":5}},"line":98},"8":{"name":"(anonymous_8)","decl":{"start":{"line":105,"column":4},"end":{"line":105,"column":5}},"loc":{"start":{"line":105,"column":20},"end":{"line":112,"column":5}},"line":105},"9":{"name":"(anonymous_9)","decl":{"start":{"line":117,"column":4},"end":{"line":117,"column":5}},"loc":{"start":{"line":117,"column":20},"end":{"line":119,"column":5}},"line":117},"10":{"name":"(anonymous_10)","decl":{"start":{"line":123,"column":25},"end":{"line":123,"column":26}},"loc":{"start":{"line":123,"column":31},"end":{"line":127,"column":3}},"line":123}},"branchMap":{"0":{"loc":{"start":{"line":53,"column":25},"end":{"line":55,"column":25}},"type":"cond-expr","locations":[{"start":{"line":54,"column":10},"end":{"line":54,"column":24}},{"start":{"line":55,"column":10},"end":{"line":55,"column":25}}],"line":53},"1":{"loc":{"start":{"line":63,"column":21},"end":{"line":65,"column":21}},"type":"cond-expr","locations":[{"start":{"line":64,"column":6},"end":{"line":64,"column":20}},{"start":{"line":65,"column":6},"end":{"line":65,"column":21}}],"line":63},"2":{"loc":{"start":{"line":70,"column":4},"end":{"line":83,"column":5}},"type":"if","locations":[{"start":{"line":70,"column":4},"end":{"line":83,"column":5}},{"start":{"line":78,"column":11},"end":{"line":83,"column":5}}],"line":70},"3":{"loc":{"start":{"line":71,"column":6},"end":{"line":72,"column":29}},"type":"binary-expr","locations":[{"start":{"line":71,"column":6},"end":{"line":71,"column":53}},{"start":{"line":72,"column":6},"end":{"line":72,"column":29}}],"line":71},"4":{"loc":{"start":{"line":89,"column":6},"end":{"line":91,"column":7}},"type":"if","locations":[{"start":{"line":89,"column":6},"end":{"line":91,"column":7}},{"start":{},"end":{}}],"line":89},"5":{"loc":{"start":{"line":108,"column":6},"end":{"line":110,"column":7}},"type":"if","locations":[{"start":{"line":108,"column":6},"end":{"line":110,"column":7}},{"start":{},"end":{}}],"line":108},"6":{"loc":{"start":{"line":209,"column":20},"end":{"line":209,"column":72}},"type":"cond-expr","locations":[{"start":{"line":209,"column":47},"end":{"line":209,"column":61}},{"start":{"line":209,"column":64},"end":{"line":209,"column":72}}],"line":209}},"s":{"0":9,"1":9,"2":9,"3":9,"4":6,"5":5,"6":5,"7":5,"8":3,"9":3,"10":0,"11":0,"12":0,"13":3,"14":3,"15":3,"16":5,"17":5,"18":5,"19":5,"20":5,"21":1,"22":1,"23":1,"24":1,"25":1,"26":0,"27":0,"28":0,"29":0,"30":5,"31":1,"32":1,"33":0,"34":1,"35":5,"36":0,"37":5,"38":0,"39":0,"40":0,"41":0,"42":0,"43":5,"44":1,"45":5,"46":0,"47":0,"48":0,"49":5},"f":{"0":6,"1":3,"2":3,"3":0,"4":0,"5":1,"6":1,"7":0,"8":0,"9":1,"10":0},"b":{"0":[3,0],"1":[5,0],"2":[1,0],"3":[1,0],"4":[0,1],"5":[0,0],"6":[5,0]},"_coverageSchema":"1a1c01bbd47fc00a2c39e90264f33305004495a9","hash":"2f2993e9e73ab947f49b014c13776fd475d12618"}
,"/home/asishk/Desktop/Fe-Integrate/src/Components/organisms/header/index.stories.tsx": {"path":"/home/asishk/Desktop/Fe-Integrate/src/Components/organisms/header/index.stories.tsx","statementMap":{"0":{"start":{"line":11,"column":24},"end":{"line":15,"column":1}},"1":{"start":{"line":12,"column":2},"end":{"line":14,"column":18}},"2":{"start":{"line":17,"column":22},"end":{"line":17,"column":39}}},"fnMap":{"0":{"name":"(anonymous_0)","decl":{"start":{"line":11,"column":24},"end":{"line":11,"column":25}},"loc":{"start":{"line":12,"column":2},"end":{"line":14,"column":18}},"line":12}},"branchMap":{},"s":{"0":0,"1":0,"2":0},"f":{"0":0},"b":{}}
,"/home/asishk/Desktop/Fe-Integrate/src/Components/organisms/header/index.tsx": {"path":"/home/asishk/Desktop/Fe-Integrate/src/Components/organisms/header/index.tsx","statementMap":{"0":{"start":{"line":25,"column":18},"end":{"line":30,"column":2}},"1":{"start":{"line":32,"column":18},"end":{"line":37,"column":2}},"2":{"start":{"line":39,"column":13},"end":{"line":39,"column":33}},"3":{"start":{"line":41,"column":28},"end":{"line":50,"column":2}},"4":{"start":{"line":52,"column":22},"end":{"line":59,"column":2}},"5":{"start":{"line":60,"column":18},"end":{"line":72,"column":2}},"6":{"start":{"line":74,"column":24},"end":{"line":345,"column":1}},"7":{"start":{"line":75,"column":44},"end":{"line":75,"column":68}},"8":{"start":{"line":76,"column":44},"end":{"line":76,"column":78}},"9":{"start":{"line":77,"column":34},"end":{"line":77,"column":68}},"10":{"start":{"line":78,"column":15},"end":{"line":78,"column":32}},"11":{"start":{"line":79,"column":19},"end":{"line":79,"column":32}},"12":{"start":{"line":80,"column":34},"end":{"line":108,"column":4}},"13":{"start":{"line":110,"column":2},"end":{"line":117,"column":9}},"14":{"start":{"line":111,"column":23},"end":{"line":115,"column":5}},"15":{"start":{"line":112,"column":21},"end":{"line":112,"column":69}},"16":{"start":{"line":113,"column":19},"end":{"line":113,"column":30}},"17":{"start":{"line":114,"column":6},"end":{"line":114,"column":24}},"18":{"start":{"line":116,"column":4},"end":{"line":116,"column":17}},"19":{"start":{"line":119,"column":32},"end":{"line":119,"column":47}},"20":{"start":{"line":120,"column":40},"end":{"line":120,"column":55}},"21":{"start":{"line":122,"column":25},"end":{"line":128,"column":3}},"22":{"start":{"line":123,"column":4},"end":{"line":123,"column":28}},"23":{"start":{"line":124,"column":4},"end":{"line":124,"column":25}},"24":{"start":{"line":125,"column":4},"end":{"line":125,"column":37}},"25":{"start":{"line":126,"column":4},"end":{"line":126,"column":27}},"26":{"start":{"line":127,"column":4},"end":{"line":127,"column":19}},"27":{"start":{"line":129,"column":22},"end":{"line":133,"column":3}},"28":{"start":{"line":130,"column":4},"end":{"line":130,"column":22}},"29":{"start":{"line":131,"column":4},"end":{"line":131,"column":22}},"30":{"start":{"line":132,"column":4},"end":{"line":132,"column":28}},"31":{"start":{"line":135,"column":25},"end":{"line":139,"column":3}},"32":{"start":{"line":136,"column":4},"end":{"line":136,"column":27}},"33":{"start":{"line":137,"column":4},"end":{"line":137,"column":22}},"34":{"start":{"line":138,"column":4},"end":{"line":138,"column":27}},"35":{"start":{"line":140,"column":23},"end":{"line":143,"column":3}},"36":{"start":{"line":141,"column":4},"end":{"line":141,"column":25}},"37":{"start":{"line":142,"column":4},"end":{"line":142,"column":33}},"38":{"start":{"line":145,"column":2},"end":{"line":344,"column":4}},"39":{"start":{"line":156,"column":14},"end":{"line":156,"column":38}},"40":{"start":{"line":157,"column":14},"end":{"line":157,"column":38}},"41":{"start":{"line":158,"column":14},"end":{"line":158,"column":28}},"42":{"start":{"line":248,"column":29},"end":{"line":248,"column":45}},"43":{"start":{"line":268,"column":29},"end":{"line":268,"column":45}}},"fnMap":{"0":{"name":"(anonymous_0)","decl":{"start":{"line":74,"column":24},"end":{"line":74,"column":25}},"loc":{"start":{"line":74,"column":48},"end":{"line":345,"column":1}},"line":74},"1":{"name":"(anonymous_1)","decl":{"start":{"line":110,"column":12},"end":{"line":110,"column":13}},"loc":{"start":{"line":110,"column":18},"end":{"line":117,"column":3}},"line":110},"2":{"name":"(anonymous_2)","decl":{"start":{"line":111,"column":23},"end":{"line":111,"column":24}},"loc":{"start":{"line":111,"column":35},"end":{"line":115,"column":5}},"line":111},"3":{"name":"(anonymous_3)","decl":{"start":{"line":122,"column":25},"end":{"line":122,"column":26}},"loc":{"start":{"line":122,"column":70},"end":{"line":128,"column":3}},"line":122},"4":{"name":"(anonymous_4)","decl":{"start":{"line":129,"column":22},"end":{"line":129,"column":23}},"loc":{"start":{"line":129,"column":28},"end":{"line":133,"column":3}},"line":129},"5":{"name":"(anonymous_5)","decl":{"start":{"line":135,"column":25},"end":{"line":135,"column":26}},"loc":{"start":{"line":135,"column":31},"end":{"line":139,"column":3}},"line":135},"6":{"name":"(anonymous_6)","decl":{"start":{"line":140,"column":23},"end":{"line":140,"column":24}},"loc":{"start":{"line":140,"column":29},"end":{"line":143,"column":3}},"line":140},"7":{"name":"(anonymous_7)","decl":{"start":{"line":155,"column":21},"end":{"line":155,"column":22}},"loc":{"start":{"line":155,"column":27},"end":{"line":159,"column":13}},"line":155},"8":{"name":"(anonymous_8)","decl":{"start":{"line":248,"column":23},"end":{"line":248,"column":24}},"loc":{"start":{"line":248,"column":29},"end":{"line":248,"column":45}},"line":248},"9":{"name":"(anonymous_9)","decl":{"start":{"line":268,"column":23},"end":{"line":268,"column":24}},"loc":{"start":{"line":268,"column":29},"end":{"line":268,"column":45}},"line":268}},"branchMap":{"0":{"loc":{"start":{"line":164,"column":11},"end":{"line":243,"column":11}},"type":"cond-expr","locations":[{"start":{"line":165,"column":12},"end":{"line":222,"column":15}},{"start":{"line":224,"column":12},"end":{"line":242,"column":15}}],"line":164},"1":{"loc":{"start":{"line":186,"column":35},"end":{"line":186,"column":71}},"type":"cond-expr","locations":[{"start":{"line":186,"column":42},"end":{"line":186,"column":59}},{"start":{"line":186,"column":62},"end":{"line":186,"column":71}}],"line":186},"2":{"loc":{"start":{"line":188,"column":35},"end":{"line":188,"column":60}},"type":"cond-expr","locations":[{"start":{"line":188,"column":42},"end":{"line":188,"column":48}},{"start":{"line":188,"column":51},"end":{"line":188,"column":60}}],"line":188},"3":{"loc":{"start":{"line":205,"column":19},"end":{"line":219,"column":19}},"type":"cond-expr","locations":[{"start":{"line":206,"column":20},"end":{"line":209,"column":22}},{"start":{"line":211,"column":20},"end":{"line":218,"column":22}}],"line":205},"4":{"loc":{"start":{"line":244,"column":11},"end":{"line":282,"column":11}},"type":"cond-expr","locations":[{"start":{"line":245,"column":12},"end":{"line":262,"column":34}},{"start":{"line":264,"column":12},"end":{"line":281,"column":28}}],"line":244}},"s":{"0":6,"1":6,"2":6,"3":6,"4":6,"5":6,"6":6,"7":6,"8":6,"9":6,"10":6,"11":6,"12":6,"13":6,"14":6,"15":6,"16":0,"17":0,"18":6,"19":6,"20":6,"21":6,"22":0,"23":0,"24":0,"25":0,"26":0,"27":6,"28":0,"29":0,"30":0,"31":6,"32":0,"33":0,"34":0,"35":6,"36":0,"37":0,"38":6,"39":0,"40":0,"41":0,"42":0,"43":0},"f":{"0":6,"1":6,"2":6,"3":0,"4":0,"5":0,"6":0,"7":0,"8":0,"9":0},"b":{"0":[0,6],"1":[0,0],"2":[0,0],"3":[0,0],"4":[2,4]},"_coverageSchema":"1a1c01bbd47fc00a2c39e90264f33305004495a9","hash":"3fba95ce14f590e3e35285208898b3737b03720c"}
,"/home/asishk/Desktop/Fe-Integrate/src/Components/organisms/homePageDetail/index.stories.tsx": {"path":"/home/asishk/Desktop/Fe-Integrate/src/Components/organisms/homePageDetail/index.stories.tsx","statementMap":{"0":{"start":{"line":11,"column":56},"end":{"line":15,"column":1}},"1":{"start":{"line":12,"column":0},"end":{"line":14,"column":16}},"2":{"start":{"line":17,"column":35},"end":{"line":17,"column":52}}},"fnMap":{"0":{"name":"(anonymous_0)","decl":{"start":{"line":11,"column":56},"end":{"line":11,"column":57}},"loc":{"start":{"line":12,"column":0},"end":{"line":14,"column":16}},"line":12}},"branchMap":{},"s":{"0":0,"1":0,"2":0},"f":{"0":0},"b":{}}
,"/home/asishk/Desktop/Fe-Integrate/src/Components/organisms/homePageDetail/index.tsx": {"path":"/home/asishk/Desktop/Fe-Integrate/src/Components/organisms/homePageDetail/index.tsx","statementMap":{"0":{"start":{"line":36,"column":18},"end":{"line":54,"column":3}},"1":{"start":{"line":36,"column":36},"end":{"line":54,"column":1}},"2":{"start":{"line":94,"column":23},"end":{"line":334,"column":1}},"3":{"start":{"line":95,"column":18},"end":{"line":95,"column":29}},"4":{"start":{"line":96,"column":19},"end":{"line":96,"column":32}},"5":{"start":{"line":97,"column":27},"end":{"line":97,"column":47}},"6":{"start":{"line":98,"column":29},"end":{"line":98,"column":53}},"7":{"start":{"line":100,"column":47},"end":{"line":131,"column":4}},"8":{"start":{"line":132,"column":51},"end":{"line":161,"column":4}},"9":{"start":{"line":162,"column":32},"end":{"line":162,"column":62}},"10":{"start":{"line":164,"column":34},"end":{"line":191,"column":5}},"11":{"start":{"line":193,"column":29},"end":{"line":195,"column":3}},"12":{"start":{"line":194,"column":4},"end":{"line":194,"column":29}},"13":{"start":{"line":197,"column":2},"end":{"line":213,"column":43}},"14":{"start":{"line":198,"column":17},"end":{"line":211,"column":5}},"15":{"start":{"line":199,"column":26},"end":{"line":199,"column":74}},"16":{"start":{"line":200,"column":21},"end":{"line":200,"column":37}},"17":{"start":{"line":201,"column":6},"end":{"line":201,"column":26}},"18":{"start":{"line":202,"column":28},"end":{"line":204,"column":8}},"19":{"start":{"line":203,"column":8},"end":{"line":203,"column":45}},"20":{"start":{"line":205,"column":6},"end":{"line":205,"column":39}},"21":{"start":{"line":207,"column":31},"end":{"line":209,"column":8}},"22":{"start":{"line":208,"column":8},"end":{"line":208,"column":46}},"23":{"start":{"line":210,"column":6},"end":{"line":210,"column":44}},"24":{"start":{"line":212,"column":4},"end":{"line":212,"column":11}},"25":{"start":{"line":215,"column":2},"end":{"line":333,"column":4}},"26":{"start":{"line":261,"column":31},"end":{"line":261,"column":53}},"27":{"start":{"line":264,"column":14},"end":{"line":277,"column":16}},"28":{"start":{"line":274,"column":20},"end":{"line":274,"column":57}},"29":{"start":{"line":316,"column":12},"end":{"line":325,"column":14}}},"fnMap":{"0":{"name":"(anonymous_0)","decl":{"start":{"line":36,"column":29},"end":{"line":36,"column":30}},"loc":{"start":{"line":36,"column":36},"end":{"line":54,"column":1}},"line":36},"1":{"name":"(anonymous_1)","decl":{"start":{"line":94,"column":23},"end":{"line":94,"column":24}},"loc":{"start":{"line":94,"column":29},"end":{"line":334,"column":1}},"line":94},"2":{"name":"(anonymous_2)","decl":{"start":{"line":193,"column":29},"end":{"line":193,"column":30}},"loc":{"start":{"line":193,"column":45},"end":{"line":195,"column":3}},"line":193},"3":{"name":"(anonymous_3)","decl":{"start":{"line":197,"column":12},"end":{"line":197,"column":13}},"loc":{"start":{"line":197,"column":18},"end":{"line":213,"column":3}},"line":197},"4":{"name":"(anonymous_4)","decl":{"start":{"line":198,"column":17},"end":{"line":198,"column":18}},"loc":{"start":{"line":198,"column":29},"end":{"line":211,"column":5}},"line":198},"5":{"name":"(anonymous_5)","decl":{"start":{"line":202,"column":42},"end":{"line":202,"column":43}},"loc":{"start":{"line":202,"column":62},"end":{"line":204,"column":7}},"line":202},"6":{"name":"(anonymous_6)","decl":{"start":{"line":207,"column":45},"end":{"line":207,"column":46}},"loc":{"start":{"line":207,"column":65},"end":{"line":209,"column":7}},"line":207},"7":{"name":"(anonymous_7)","decl":{"start":{"line":261,"column":20},"end":{"line":261,"column":21}},"loc":{"start":{"line":261,"column":31},"end":{"line":261,"column":53}},"line":261},"8":{"name":"(anonymous_8)","decl":{"start":{"line":263,"column":17},"end":{"line":263,"column":18}},"loc":{"start":{"line":263,"column":32},"end":{"line":278,"column":13}},"line":263},"9":{"name":"(anonymous_9)","decl":{"start":{"line":273,"column":27},"end":{"line":273,"column":28}},"loc":{"start":{"line":273,"column":33},"end":{"line":275,"column":19}},"line":273},"10":{"name":"(anonymous_10)","decl":{"start":{"line":315,"column":31},"end":{"line":315,"column":32}},"loc":{"start":{"line":315,"column":46},"end":{"line":326,"column":11}},"line":315}},"branchMap":{},"s":{"0":2,"1":2,"2":2,"3":2,"4":2,"5":2,"6":2,"7":2,"8":2,"9":2,"10":2,"11":2,"12":0,"13":2,"14":2,"15":2,"16":0,"17":0,"18":0,"19":0,"20":0,"21":0,"22":0,"23":0,"24":2,"25":2,"26":2,"27":0,"28":0,"29":12},"f":{"0":2,"1":2,"2":0,"3":2,"4":2,"5":0,"6":0,"7":2,"8":0,"9":0,"10":12},"b":{},"_coverageSchema":"1a1c01bbd47fc00a2c39e90264f33305004495a9","hash":"ed8e479938628beb72ecd2437a26a2781bc7d385"}
,"/home/asishk/Desktop/Fe-Integrate/src/Components/organisms/searchbar/index.stories.tsx": {"path":"/home/asishk/Desktop/Fe-Integrate/src/Components/organisms/searchbar/index.stories.tsx","statementMap":{"0":{"start":{"line":11,"column":51},"end":{"line":14,"column":16}},"1":{"start":{"line":12,"column":0},"end":{"line":14,"column":16}},"2":{"start":{"line":16,"column":22},"end":{"line":16,"column":39}},"3":{"start":{"line":17,"column":0},"end":{"line":19,"column":1}}},"fnMap":{"0":{"name":"(anonymous_0)","decl":{"start":{"line":11,"column":51},"end":{"line":11,"column":52}},"loc":{"start":{"line":12,"column":0},"end":{"line":14,"column":16}},"line":12}},"branchMap":{},"s":{"0":0,"1":0,"2":0,"3":0},"f":{"0":0},"b":{}}
,"/home/asishk/Desktop/Fe-Integrate/src/Components/organisms/searchbar/index.tsx": {"path":"/home/asishk/Desktop/Fe-Integrate/src/Components/organisms/searchbar/index.tsx","statementMap":{"0":{"start":{"line":52,"column":20},"end":{"line":54,"column":2}},"1":{"start":{"line":56,"column":18},"end":{"line":204,"column":1}},"2":{"start":{"line":57,"column":32},"end":{"line":57,"column":52}},"3":{"start":{"line":58,"column":24},"end":{"line":58,"column":44}},"4":{"start":{"line":60,"column":56},"end":{"line":62,"column":3}},"5":{"start":{"line":64,"column":34},"end":{"line":94,"column":4}},"6":{"start":{"line":96,"column":17},"end":{"line":112,"column":3}},"7":{"start":{"line":97,"column":4},"end":{"line":97,"column":18}},"8":{"start":{"line":98,"column":26},"end":{"line":108,"column":6}},"9":{"start":{"line":99,"column":33},"end":{"line":99,"column":65}},"10":{"start":{"line":100,"column":33},"end":{"line":100,"column":67}},"11":{"start":{"line":101,"column":37},"end":{"line":101,"column":84}},"12":{"start":{"line":103,"column":6},"end":{"line":107,"column":8}},"13":{"start":{"line":110,"column":4},"end":{"line":110,"column":54}},"14":{"start":{"line":111,"column":4},"end":{"line":111,"column":25}},"15":{"start":{"line":114,"column":23},"end":{"line":119,"column":3}},"16":{"start":{"line":115,"column":16},"end":{"line":115,"column":30}},"17":{"start":{"line":116,"column":4},"end":{"line":116,"column":16}},"18":{"start":{"line":117,"column":18},"end":{"line":117,"column":45}},"19":{"start":{"line":118,"column":4},"end":{"line":118,"column":23}},"20":{"start":{"line":122,"column":19},"end":{"line":122,"column":32}},"21":{"start":{"line":124,"column":14},"end":{"line":124,"column":26}},"22":{"start":{"line":125,"column":27},"end":{"line":128,"column":3}},"23":{"start":{"line":126,"column":4},"end":{"line":126,"column":17}},"24":{"start":{"line":127,"column":4},"end":{"line":127,"column":15}},"25":{"start":{"line":131,"column":2},"end":{"line":203,"column":4}},"26":{"start":{"line":138,"column":25},"end":{"line":138,"column":40}},"27":{"start":{"line":169,"column":41},"end":{"line":169,"column":60}},"28":{"start":{"line":185,"column":16},"end":{"line":190,"column":18}}},"fnMap":{"0":{"name":"(anonymous_0)","decl":{"start":{"line":56,"column":18},"end":{"line":56,"column":19}},"loc":{"start":{"line":56,"column":42},"end":{"line":204,"column":1}},"line":56},"1":{"name":"(anonymous_1)","decl":{"start":{"line":96,"column":17},"end":{"line":96,"column":18}},"loc":{"start":{"line":96,"column":46},"end":{"line":112,"column":3}},"line":96},"2":{"name":"(anonymous_2)","decl":{"start":{"line":98,"column":39},"end":{"line":98,"column":40}},"loc":{"start":{"line":98,"column":63},"end":{"line":108,"column":5}},"line":98},"3":{"name":"(anonymous_3)","decl":{"start":{"line":114,"column":23},"end":{"line":114,"column":24}},"loc":{"start":{"line":114,"column":36},"end":{"line":119,"column":3}},"line":114},"4":{"name":"(anonymous_4)","decl":{"start":{"line":125,"column":27},"end":{"line":125,"column":28}},"l
[...]
:{"line":108,"column":18},"end":{"line":108,"column":50}},"30":{"start":{"line":110,"column":18},"end":{"line":110,"column":52}}},"fnMap":{"0":{"name":"(anonymous_0)","decl":{"start":{"line":23,"column":18},"end":{"line":23,"column":19}},"loc":{"start":{"line":23,"column":45},"end":{"line":127,"column":1}},"line":23},"1":{"name":"(anonymous_1)","decl":{"start":{"line":30,"column":12},"end":{"line":30,"column":13}},"loc":{"start":{"line":30,"column":18},"end":{"line":47,"column":3}},"line":30},"2":{"name":"(anonymous_2)","decl":{"start":{"line":31,"column":17},"end":{"line":31,"column":18}},"loc":{"start":{"line":31,"column":29},"end":{"line":34,"column":5}},"line":31},"3":{"name":"(anonymous_3)","decl":{"start":{"line":50,"column":4},"end":{"line":50,"column":5}},"loc":{"start":{"line":50,"column":20},"end":{"line":53,"column":5}},"line":50},"4":{"name":"(anonymous_4)","decl":{"start":{"line":57,"column":29},"end":{"line":57,"column":30}},"loc":{"start":{"line":57,"column":45},"end":{"line":59,"column":3}},"line":57},"5":{"name":"(anonymous_5)","decl":{"start":{"line":98,"column":41},"end":{"line":98,"column":42}},"loc":{"start":{"line":98,"column":57},"end":{"line":123,"column":9}},"line":98},"6":{"name":"(anonymous_6)","decl":{"start":{"line":101,"column":27},"end":{"line":101,"column":28}},"loc":{"start":{"line":101,"column":33},"end":{"line":103,"column":15}},"line":101},"7":{"name":"(anonymous_7)","decl":{"start":{"line":106,"column":25},"end":{"line":106,"column":26}},"loc":{"start":{"line":106,"column":31},"end":{"line":112,"column":15}},"line":106}},"branchMap":{"0":{"loc":{"start":{"line":36,"column":4},"end":{"line":45,"column":5}},"type":"if","locations":[{"start":{"line":36,"column":4},"end":{"line":45,"column":5}},{"start":{"line":39,"column":11},"end":{"line":45,"column":5}}],"line":36},"1":{"loc":{"start":{"line":39,"column":11},"end":{"line":45,"column":5}},"type":"if","locations":[{"start":{"line":39,"column":11},"end":{"line":45,"column":5}},{"start":{"line":42,"column":11},"end":{"line":45,"column":5}}],"line":39},"2":{"loc":{"start":{"line":107,"column":16},"end":{"line":111,"column":17}},"type":"if","locations":[{"start":{"line":107,"column":16},"end":{"line":111,"column":17}},{"start":{"line":109,"column":23},"end":{"line":111,"column":17}}],"line":107}},"s":{"0":5,"1":5,"2":14,"3":14,"4":14,"5":14,"6":14,"7":10,"8":10,"9":0,"10":10,"11":6,"12":6,"13":4,"14":2,"15":2,"16":2,"17":2,"18":10,"19":14,"20":0,"21":0,"22":14,"23":14,"24":0,"25":14,"26":56,"27":0,"28":0,"29":0,"30":0},"f":{"0":14,"1":10,"2":10,"3":0,"4":0,"5":56,"6":0,"7":0},"b":{"0":[6,4],"1":[2,2],"2":[0,0]},"_coverageSchema":"1a1c01bbd47fc00a2c39e90264f33305004495a9","hash":"59bbd9ed227b72a15b46215e41847569afd705e1"}
,"/home/asishk/Desktop/Fe-Integrate/src/Components/pages/bookPage/index.stories.tsx": {"path":"/home/asishk/Desktop/Fe-Integrate/src/Components/pages/bookPage/index.stories.tsx","statementMap":{"0":{"start":{"line":11,"column":50},"end":{"line":15,"column":1}},"1":{"start":{"line":12,"column":0},"end":{"line":14,"column":16}},"2":{"start":{"line":17,"column":29},"end":{"line":17,"column":46}}},"fnMap":{"0":{"name":"(anonymous_0)","decl":{"start":{"line":11,"column":50},"end":{"line":11,"column":51}},"loc":{"start":{"line":12,"column":0},"end":{"line":14,"column":16}},"line":12}},"branchMap":{},"s":{"0":0,"1":0,"2":0},"f":{"0":0},"b":{}}
,"/home/asishk/Desktop/Fe-Integrate/src/Components/pages/bookPage/index.tsx": {"path":"/home/asishk/Desktop/Fe-Integrate/src/Components/pages/bookPage/index.tsx","statementMap":{"0":{"start":{"line":10,"column":18},"end":{"line":16,"column":1}},"1":{"start":{"line":11,"column":17},"end":{"line":11,"column":28}},"2":{"start":{"line":13,"column":2},"end":{"line":15,"column":4}}},"fnMap":{"0":{"name":"(anonymous_0)","decl":{"start":{"line":10,"column":18},"end":{"line":10,"column":19}},"loc":{"start":{"line":10,"column":40},"end":{"line":16,"column":1}},"line":10}},"branchMap":{"0":{"loc":{"start":{"line":14,"column":52},"end":{"line":14,"column":87}},"type":"cond-expr","locations":[{"start":{"line":14,"column":65},"end":{"line":14,"column":82}},{"start":{"line":14,"column":85},"end":{"line":14,"column":87}}],"line":14}},"s":{"0":1,"1":1,"2":1},"f":{"0":1},"b":{"0":[0,1]},"_coverageSchema":"1a1c01bbd47fc00a2c39e90264f33305004495a9","hash":"d6430ab00c16f0383decc58dae0989c988f5f07d"}
,"/home/asishk/Desktop/Fe-Integrate/src/Components/pages/home/index.stories.tsx": {"path":"/home/asishk/Desktop/Fe-Integrate/src/Components/pages/home/index.stories.tsx","statementMap":{"0":{"start":{"line":11,"column":51},"end":{"line":15,"column":5}},"1":{"start":{"line":12,"column":4},"end":{"line":14,"column":20}},"2":{"start":{"line":16,"column":33},"end":{"line":16,"column":50}}},"fnMap":{"0":{"name":"(anonymous_0)","decl":{"start":{"line":11,"column":51},"end":{"line":11,"column":52}},"loc":{"start":{"line":12,"column":4},"end":{"line":14,"column":20}},"line":12}},"branchMap":{},"s":{"0":0,"1":0,"2":0},"f":{"0":0},"b":{}}
,"/home/asishk/Desktop/Fe-Integrate/src/Components/pages/home/index.tsx": {"path":"/home/asishk/Desktop/Fe-Integrate/src/Components/pages/home/index.tsx","statementMap":{"0":{"start":{"line":6,"column":17},"end":{"line":11,"column":1}},"1":{"start":{"line":8,"column":2},"end":{"line":10,"column":4}}},"fnMap":{"0":{"name":"(anonymous_0)","decl":{"start":{"line":6,"column":17},"end":{"line":6,"column":18}},"loc":{"start":{"line":6,"column":23},"end":{"line":11,"column":1}},"line":6}},"branchMap":{},"s":{"0":1,"1":1},"f":{"0":1},"b":{},"_coverageSchema":"1a1c01bbd47fc00a2c39e90264f33305004495a9","hash":"eab1e51a556fafa29bc3b046bed7dfc7c3e87b7f"}
,"/home/asishk/Desktop/Fe-Integrate/src/Components/pages/library/index.stories.tsx": {"path":"/home/asishk/Desktop/Fe-Integrate/src/Components/pages/library/index.stories.tsx","statementMap":{"0":{"start":{"line":11,"column":53},"end":{"line":15,"column":1}},"1":{"start":{"line":12,"column":1},"end":{"line":14,"column":17}},"2":{"start":{"line":17,"column":32},"end":{"line":17,"column":49}},"3":{"start":{"line":19,"column":0},"end":{"line":19,"column":27}}},"fnMap":{"0":{"name":"(anonymous_0)","decl":{"start":{"line":11,"column":53},"end":{"line":11,"column":54}},"loc":{"start":{"line":12,"column":1},"end":{"line":14,"column":17}},"line":12}},"branchMap":{},"s":{"0":0,"1":0,"2":0,"3":0},"f":{"0":0},"b":{}}
,"/home/asishk/Desktop/Fe-Integrate/src/Components/pages/library/index.tsx": {"path":"/home/asishk/Desktop/Fe-Integrate/src/Components/pages/library/index.tsx","statementMap":{"0":{"start":{"line":10,"column":34},"end":{"line":10,"column":65}},"1":{"start":{"line":11,"column":38},"end":{"line":11,"column":69}},"2":{"start":{"line":12,"column":44},"end":{"line":12,"column":75}},"3":{"start":{"line":14,"column":26},"end":{"line":76,"column":1}},"4":{"start":{"line":15,"column":32},"end":{"line":15,"column":46}},"5":{"start":{"line":16,"column":34},"end":{"line":44,"column":4}},"6":{"start":{"line":46,"column":2},"end":{"line":59,"column":9}},"7":{"start":{"line":47,"column":17},"end":{"line":57,"column":5}},"8":{"start":{"line":48,"column":26},"end":{"line":48,"column":74}},"9":{"start":{"line":49,"column":25},"end":{"line":52,"column":7}},"10":{"start":{"line":51,"column":10},"end":{"line":51,"column":71}},"11":{"start":{"line":53,"column":6},"end":{"line":53,"column":30}},"12":{"start":{"line":54,"column":6},"end":{"line":56,"column":7}},"13":{"start":{"line":55,"column":8},"end":{"line":55,"column":26}},"14":{"start":{"line":58,"column":4},"end":{"line":58,"column":11}},"15":{"start":{"line":62,"column":2},"end":{"line":75,"column":4}}},"fnMap":{"0":{"name":"(anonymous_0)","decl":{"start":{"line":14,"column":26},"end":{"line":14,"column":27}},"loc":{"start":{"line":14,"column":32},"end":{"line":76,"column":1}},"line":14},"1":{"name":"(anonymous_1)","decl":{"start":{"line":46,"column":12},"end":{"line":46,"column":13}},"loc":{"start":{"line":46,"column":18},"end":{"line":59,"column":3}},"line":46},"2":{"name":"(anonymous_2)","decl":{"start":{"line":47,"column":17},"end":{"line":47,"column":18}},"loc":{"start":{"line":47,"column":29},"end":{"line":57,"column":5}},"line":47},"3":{"name":"(anonymous_3)","decl":{"start":{"line":50,"column":8},"end":{"line":50,"column":9}},"loc":{"start":{"line":51,"column":10},"end":{"line":51,"column":71}},"line":51}},"branchMap":{"0":{"loc":{"start":{"line":51,"column":10},"end":{"line":51,"column":71}},"type":"binary-expr","locations":[{"start":{"line":51,"column":10},"end":{"line":51,"column":38}},{"start":{"line":51,"column":42},"end":{"line":51,"column":71}}],"line":51},"1":{"loc":{"start":{"line":54,"column":6},"end":{"line":56,"column":7}},"type":"if","locations":[{"start":{"line":54,"column":6},"end":{"line":56,"column":7}},{"start":{},"end":{}}],"line":54},"2":{"loc":{"start":{"line":62,"column":9},"end":{"line":75,"column":3}},"type":"cond-expr","locations":[{"start":{"line":63,"column":4},"end":{"line":63,"column":72}},{"start":{"line":65,"column":4},"end":{"line":74,"column":6}}],"line":62}},"s":{"0":1,"1":1,"2":1,"3":1,"4":1,"5":1,"6":1,"7":1,"8":1,"9":0,"10":0,"11":0,"12":0,"13":0,"14":1,"15":1},"f":{"0":1,"1":1,"2":1,"3":0},"b":{"0":[0,0],"1":[0,0],"2":[1,0]},"_coverageSchema":"1a1c01bbd47fc00a2c39e90264f33305004495a9","hash":"1a565547e6c9c2f04b70e7f03dd2f522e93d4c7e"}
,"/home/asishk/Desktop/Fe-Integrate/src/Components/pages/searchResults/index.stories.tsx": {"path":"/home/asishk/Desktop/Fe-Integrate/src/Components/pages/searchResults/index.stories.tsx","statementMap":{"0":{"start":{"line":11,"column":59},"end":{"line":15,"column":1}},"1":{"start":{"line":12,"column":4},"end":{"line":14,"column":20}},"2":{"start":{"line":17,"column":29},"end":{"line":17,"column":46}}},"fnMap":{"0":{"name":"(anonymous_0)","decl":{"start":{"line":11,"column":59},"end":{"line":11,"column":60}},"loc":{"start":{"line":12,"column":4},"end":{"line":14,"column":20}},"line":12}},"branchMap":{},"s":{"0":0,"1":0,"2":0},"f":{"0":0},"b":{}}
,"/home/asishk/Desktop/Fe-Integrate/src/Components/pages/searchResults/index.tsx": {"path":"/home/asishk/Desktop/Fe-Integrate/src/Components/pages/searchResults/index.tsx","statementMap":{"0":{"start":{"line":13,"column":36},"end":{"line":36,"column":1}},"1":{"start":{"line":14,"column":19},"end":{"line":14,"column":32}},"2":{"start":{"line":15,"column":14},"end":{"line":15,"column":47}},"3":{"start":{"line":16,"column":2},"end":{"line":21,"column":3}},"4":{"start":{"line":17,"column":4},"end":{"line":20,"column":6}},"5":{"start":{"line":23,"column":2},"end":{"line":35,"column":4}}},"fnMap":{"0":{"name":"(anonymous_0)","decl":{"start":{"line":13,"column":36},"end":{"line":13,"column":37}},"loc":{"start":{"line":13,"column":42},"end":{"line":36,"column":1}},"line":13}},"branchMap":{"0":{"loc":{"start":{"line":16,"column":2},"end":{"line":21,"column":3}},"type":"if","locations":[{"start":{"line":16,"column":2},"end":{"line":21,"column":3}},{"start":{},"end":{}}],"line":16}},"s":{"0":1,"1":2,"2":1,"3":1,"4":1,"5":1},"f":{"0":2},"b":{"0":[1,0]},"_coverageSchema":"1a1c01bbd47fc00a2c39e90264f33305004495a9","hash":"5711fafac5aeaa472ea1199b8b07bb557e25c11c"}
,"/home/asishk/Desktop/Fe-Integrate/src/Components/templates/landingTemplate/index.stories.tsx": {"path":"/home/asishk/Desktop/Fe-Integrate/src/Components/templates/landingTemplate/index.stories.tsx","statementMap":{"0":{"start":{"line":13,"column":58},"end":{"line":17,"column":5}},"1":{"start":{"line":14,"column":4},"end":{"line":16,"column":20}},"2":{"start":{"line":18,"column":40},"end":{"line":18,"column":57}},"3":{"start":{"line":20,"column":4},"end":{"line":22,"column":5}},"4":{"start":{"line":24,"column":37},"end":{"line":24,"column":54}},"5":{"start":{"line":26,"column":4},"end":{"line":28,"column":5}}},"fnMap":{"0":{"name":"(anonymous_0)","decl":{"start":{"line":13,"column":58},"end":{"line":13,"column":59}},"loc":{"start":{"line":14,"column":4},"end":{"line":16,"column":20}},"line":14}},"branchMap":{},"s":{"0":0,"1":0,"2":0,"3":0,"4":0,"5":0},"f":{"0":0},"b":{}}
,"/home/asishk/Desktop/Fe-Integrate/src/Components/templates/landingTemplate/index.tsx": {"path":"/home/asishk/Desktop/Fe-Integrate/src/Components/templates/landingTemplate/index.tsx","statementMap":{"0":{"start":{"line":10,"column":24},"end":{"line":24,"column":1}},"1":{"start":{"line":11,"column":2},"end":{"line":23,"column":4}}},"fnMap":{"0":{"name":"(anonymous_0)","decl":{"start":{"line":10,"column":24},"end":{"line":10,"column":25}},"loc":{"start":{"line":10,"column":57},"end":{"line":24,"column":1}},"line":10}},"branchMap":{},"s":{"0":5,"1":7},"f":{"0":7},"b":{},"_coverageSchema":"1a1c01bbd47fc00a2c39e90264f33305004495a9","hash":"3c72126e3647adb43d71ff49e93216f07bcd5a69"}
,"/home/asishk/Desktop/Fe-Integrate/src/core-utils/colors.tsx": {"path":"/home/asishk/Desktop/Fe-Integrate/src/core-utils/colors.tsx","statementMap":{"0":{"start":{"line":1,"column":16},"end":{"line":20,"column":1}}},"fnMap":{},"branchMap":{},"s":{"0":12},"f":{},"b":{},"_coverageSchema":"1a1c01bbd47fc00a2c39e90264f33305004495a9","hash":"be9b19e36c5efe2819c853b37b14bfdc0765cfda"}
,"/home/asishk/Desktop/Fe-Integrate/src/core-utils/properties.tsx": {"path":"/home/asishk/Desktop/Fe-Integrate/src/core-utils/properties.tsx","statementMap":{"0":{"start":{"line":1,"column":24},"end":{"line":1,"column":48}}},"fnMap":{},"branchMap":{},"s":{"0":13},"f":{},"b":{},"_coverageSchema":"1a1c01bbd47fc00a2c39e90264f33305004495a9","hash":"bceb64893ba0115233f58d8e6fac03e19fd2f974"}
,"/home/asishk/Desktop/Fe-Integrate/src/core-utils/theme.ts": {"path":"/home/asishk/Desktop/Fe-Integrate/src/core-utils/theme.ts","statementMap":{"0":{"start":{"line":3,"column":14},"end":{"line":106,"column":2}}},"fnMap":{},"branchMap":{},"s":{"0":25},"f":{},"b":{},"_coverageSchema":"1a1c01bbd47fc00a2c39e90264f33305004495a9","hash":"c2ef8d67b104438b53fedc5717e44fd8755bf1df"}
,"/home/asishk/Desktop/Fe-Integrate/src/core-utils/trackercontext.tsx": {"path":"/home/asishk/Desktop/Fe-Integrate/src/core-utils/trackercontext.tsx","statementMap":{"0":{"start":{"line":8,"column":30},"end":{"line":12,"column":2}},"1":{"start":{"line":14,"column":33},"end":{"line":14,"column":65}},"2":{"start":{"line":14,"column":39},"end":{"line":14,"column":65}}},"fnMap":{"0":{"name":"(anonymous_0)","decl":{"start":{"line":11,"column":14},"end":{"line":11,"column":15}},"loc":{"start":{"line":11,"column":20},"end":{"line":11,"column":22}},"line":11},"1":{"name":"(anonymous_1)","decl":{"start":{"line":14,"column":33},"end":{"line":14,"column":34}},"loc":{"start":{"line":14,"column":39},"end":{"line":14,"column":65}},"line":14}},"branchMap":{},"s":{"0":9,"1":9,"2":6},"f":{"0":0,"1":6},"b":{},"_coverageSchema":"1a1c01bbd47fc00a2c39e90264f33305004495a9","hash":"2883db57fda71ed7ecd783c5e831feb41fb79e5b"}
,"/home/asishk/Desktop/Fe-Integrate/src/core-utils/messages/index.tsx": {"path":"/home/asishk/Desktop/Fe-Integrate/src/core-utils/messages/index.tsx","statementMap":{"0":{"start":{"line":1,"column":31},"end":{"line":1,"column":55}},"1":{"start":{"line":2,"column":24},"end":{"line":2,"column":48}},"2":{"start":{"line":3,"column":24},"end":{"line":3,"column":36}},"3":{"start":{"line":4,"column":27},"end":{"line":4,"column":43}},"4":{"start":{"line":5,"column":24},"end":{"line":5,"column":36}},"5":{"start":{"line":6,"column":18},"end":{"line":6,"column":24}},"6":{"start":{"line":7,"column":29},"end":{"line":7,"column":45}},"7":{"start":{"line":9,"column":2},"end":{"line":9,"column":91}},"8":{"start":{"line":11,"column":2},"end":{"line":11,"column":91}},"9":{"start":{"line":12,"column":28},"end":{"line":12,"column":41}},"10":{"start":{"line":13,"column":24},"end":{"line":13,"column":36}},"11":{"start":{"line":14,"column":28},"end":{"line":14,"column":49}},"12":{"start":{"line":15,"column":33},"end":{"line":15,"column":65}},"13":{"start":{"line":17,"column":2},"end":{"line":17,"column":90}},"14":{"start":{"line":18,"column":37},"end":{"line":18,"column":57}},"15":{"start":{"line":19,"column":27},"end":{"line":19,"column":36}},"16":{"start":{"line":20,"column":22},"end":{"line":20,"column":25}},"17":{"start":{"line":22,"column":2},"end":{"line":22,"column":80}},"18":{"start":{"line":23,"column":33},"end":{"line":23,"column":67}},"19":{"start":{"line":25,"column":2},"end":{"line":25,"column":270}},"20":{"start":{"line":26,"column":36},"end":{"line":26,"column":64}},"21":{"start":{"line":27,"column":23},"end":{"line":27,"column":33}},"22":{"start":{"line":28,"column":28},"end":{"line":28,"column":43}},"23":{"start":{"line":29,"column":29},"end":{"line":29,"column":66}},"24":{"start":{"line":30,"column":27},"end":{"line":30,"column":45}},"25":{"start":{"line":31,"column":27},"end":{"line":31,"column":46}},"26":{"start":{"line":32,"column":25},"end":{"line":32,"column":37}},"27":{"start":{"line":33,"column":27},"end":{"line":33,"column":42}},"28":{"start":{"line":34,"column":22},"end":{"line":34,"column":39}},"29":{"start":{"line":35,"column":26},"end":{"line":35,"column":49}},"30":{"start":{"line":36,"column":26},"end":{"line":36,"column":62}},"31":{"start":{"line":37,"column":26},"end":{"line":37,"column":45}},"32":{"start":{"line":38,"column":26},"end":{"line":38,"column":39}},"33":{"start":{"line":40,"column":30},"end":{"line":69,"column":1}},"34":{"start":{"line":71,"column":31},"end":{"line":93,"column":1}},"35":{"start":{"line":95,"column":24},"end":{"line":108,"column":1}},"36":{"start":{"line":109,"column":20},"end":{"line":109,"column":42}},"37":{"start":{"line":110,"column":20},"end":{"line":110,"column":29}}},"fnMap":{},"branchMap":{},"s":{"0":15,"1":15,"2":15,"3":15,"4":15,"5":15,"6":15,"7":15,"8":15,"9":15,"10":15,"11":15,"12":15,"13":15,"14":15,"15":15,"16":15,"17":15,"18":15,"19":15,"20":15,"21":15,"22":15,"23":15,"24":15,"25":15,"26":15,"27":15,"28":15,"29":15,"30":15,"31":15,"32":15,"33":15,"34":15,"35":15,"36":15,"37":15},"f":{},"b":{},"_coverageSchema":"1a1c01bbd47fc00a2c39e90264f33305004495a9","hash":"e9d052eac603236cdebdf2aa373aa6ce6e5ff6b5"}
,"/home/asishk/Desktop/Fe-Integrate/src/service-layer/index.tsx": {"path":"/home/asishk/Desktop/Fe-Integrate/src/service-layer/index.tsx","statementMap":{"0":{"start":{"line":6,"column":28},"end":{"line":8,"column":1}},"1":{"start":{"line":7,"column":2},"end":{"line":7,"column":76}},"2":{"start":{"line":10,"column":30},"end":{"line":12,"column":1}},"3":{"start":{"line":11,"column":2},"end":{"line":11,"column":77}},"4":{"start":{"line":14,"column":29},"end":{"line":16,"column":1}},"5":{"start":{"line":15,"column":2},"end":{"line":15,"column":71}},"6":{"start":{"line":18,"column":28},"end":{"line":20,"column":1}},"7":{"start":{"line":19,"column":2},"end":{"line":19,"column":72}},"8":{"start":{"line":22,"column":30},"end":{"line":24,"column":1}},"9":{"start":{"line":23,"column":2},"end":{"line":23,"column":80}}},"fnMap":{"0":{"name":"(anonymous_0)","decl":{"start":{"line":6,"column":28},"end":{"line":6,"column":29}},"loc":{"start":{"line":6,"column":50},"end":{"line":8,"column":1}},"line":6},"1":{"name":"(anonymous_1)","decl":{"start":{"line":10,"column":30},"end":{"line":10,"column":31}},"loc":{"start":{"line":10,"column":52},"end":{"line":12,"column":1}},"line":10},"2":{"name":"(anonymous_2)","decl":{"start":{"line":14,"column":29},"end":{"line":14,"column":30}},"loc":{"start":{"line":14,"column":51},"end":{"line":16,"column":1}},"line":14},"3":{"name":"(anonymous_3)","decl":{"start":{"line":18,"column":28},"end":{"line":18,"column":29}},"loc":{"start":{"line":18,"column":50},"end":{"line":20,"column":1}},"line":18},"4":{"name":"(anonymous_4)","decl":{"start":{"line":22,"column":30},"end":{"line":22,"column":31}},"loc":{"start":{"line":22,"column":68},"end":{"line":24,"column":1}},"line":22}},"branchMap":{},"s":{"0":10,"1":0,"2":10,"3":0,"4":10,"5":1,"6":10,"7":0,"8":10,"9":0},"f":{"0":0,"1":0,"2":1,"3":0,"4":0},"b":{},"_coverageSchema":"1a1c01bbd47fc00a2c39e90264f33305004495a9","hash":"f69a1d81f66b1f0ef11717ca31a04f1d5b8ecb85"}
}
