TN:
SF:src/App.tsx
FN:53,App
FN:57,(anonymous_1)
FN:59,(anonymous_2)
FN:62,(anonymous_3)
FN:66,(anonymous_4)
FN:68,(anonymous_5)
FN:71,(anonymous_6)
FNF:7
FNH:0
FNDA:0,App
FNDA:0,(anonymous_1)
FNDA:0,(anonymous_2)
FNDA:0,(anonymous_3)
FNDA:0,(anonymous_4)
FNDA:0,(anonymous_5)
FNDA:0,(anonymous_6)
DA:54,0
DA:55,0
DA:57,0
DA:58,0
DA:59,0
DA:61,0
DA:62,0
DA:63,0
DA:65,0
DA:66,0
DA:67,0
DA:68,0
DA:70,0
DA:71,0
DA:72,0
DA:74,0
DA:76,0
LF:17
LH:0
BRF:0
BRH:0
end_of_record
TN:
SF:src/index.tsx
FNF:0
FNH:0
DA:7,0
DA:10,0
DA:15,0
LF:3
LH:0
BRF:0
BRH:0
end_of_record
TN:
SF:src/reportWebVitals.ts
FN:3,(anonymous_0)
FN:5,(anonymous_1)
FNF:2
FNH:0
FNDA:0,(anonymous_0)
FNDA:0,(anonymous_1)
DA:3,0
DA:4,0
DA:5,0
DA:6,0
DA:7,0
DA:8,0
DA:9,0
DA:10,0
LF:8
LH:0
BRDA:4,0,0,0
BRDA:4,0,1,0
BRDA:4,1,0,0
BRDA:4,1,1,0
BRF:4
BRH:0
end_of_record
TN:
SF:src/Components/atoms/Buttons/index.stories.tsx
FN:12,(anonymous_0)
FNF:1
FNH:0
FNDA:0,(anonymous_0)
DA:12,0
DA:13,0
DA:16,0
DA:18,0
LF:4
LH:0
BRF:0
BRH:0
end_of_record
TN:
SF:src/Components/atoms/Buttons/index.tsx
FN:6,(anonymous_0)
FNF:1
FNH:1
FNDA:17,(anonymous_0)
DA:6,16
DA:7,17
LF:2
LH:2
BRF:0
BRH:0
end_of_record
TN:
SF:src/Components/atoms/Logo/index.stories.tsx
FN:11,(anonymous_0)
FNF:1
FNH:0
FNDA:0,(anonymous_0)
DA:11,0
DA:12,0
DA:14,0
DA:16,0
LF:4
LH:0
BRF:0
BRH:0
end_of_record
TN:
SF:src/Components/atoms/Logo/index.tsx
FN:9,(anonymous_0)
FNF:1
FNH:1
FNDA:7,(anonymous_0)
DA:9,7
DA:10,7
LF:2
LH:2
BRF:0
BRH:0
end_of_record
TN:
SF:src/Components/atoms/icons/index.stories.tsx
FN:13,(anonymous_0)
FNF:1
FNH:0
FNDA:0,(anonymous_0)
DA:13,0
DA:15,0
DA:16,0
DA:21,0
DA:22,0
DA:27,0
DA:28,0
LF:7
LH:0
BRF:0
BRH:0
end_of_record
TN:
SF:src/Components/atoms/icons/index.tsx
FN:9,(anonymous_0)
FNF:1
FNH:1
FNDA:252,(anonymous_0)
DA:9,19
DA:10,252
LF:2
LH:2
BRF:0
BRH:0
end_of_record
TN:
SF:src/Components/molecules/Dropdown/index.stories.tsx
FN:11,(anonymous_0)
FNF:1
FNH:0
FNDA:0,(anonymous_0)
DA:11,0
DA:12,0
DA:14,0
DA:16,0
LF:4
LH:0
BRF:0
BRH:0
end_of_record
TN:
SF:src/Components/molecules/Dropdown/index.tsx
FN:15,(anonymous_0)
FN:18,(anonymous_1)
FN:33,(anonymous_2)
FNF:3
FNH:3
FNDA:10,(anonymous_0)
FNDA:1,(anonymous_1)
FNDA:30,(anonymous_2)
DA:15,4
DA:16,10
DA:18,10
DA:19,1
DA:21,10
DA:34,30
LF:6
LH:6
BRF:0
BRH:0
end_of_record
TN:
SF:src/Components/molecules/Pagination/index.stories.tsx
FN:10,(anonymous_0)
FN:17,(anonymous_1)
FNF:2
FNH:0
FNDA:0,(anonymous_0)
FNDA:0,(anonymous_1)
DA:10,0
DA:11,0
DA:13,0
DA:15,0
DA:17,0
LF:5
LH:0
BRF:0
BRH:0
end_of_record
TN:
SF:src/Components/molecules/Pagination/index.tsx
FN:18,(anonymous_0)
FN:46,(anonymous_1)
FN:57,(anonymous_2)
FNF:3
FNH:2
FNDA:3,(anonymous_0)
FNDA:5,(anonymous_1)
FNDA:0,(anonymous_2)
DA:18,4
DA:46,4
DA:47,5
DA:48,5
DA:58,0
LF:5
LH:4
BRF:0
BRH:0
end_of_record
TN:
SF:src/Components/molecules/alsoRead/index.stories.tsx
FN:12,(anonymous_0)
FNF:1
FNH:0
FNDA:0,(anonymous_0)
DA:12,0
DA:13,0
DA:15,0
DA:17,0
DA:25,0
DA:27,0
LF:6
LH:0
BRF:0
BRH:0
end_of_record
TN:
SF:src/Components/molecules/alsoRead/index.tsx
FN:63,(anonymous_0)
FNF:1
FNH:1
FNDA:13,(anonymous_0)
DA:22,3
DA:63,3
DA:64,13
DA:65,13
LF:4
LH:4
BRF:0
BRH:0
end_of_record
TN:
SF:src/Components/molecules/banner/index.stories.tsx
FN:11,(anonymous_0)
FNF:1
FNH:0
FNDA:0,(anonymous_0)
DA:11,0
DA:12,0
DA:15,0
DA:17,0
LF:4
LH:0
BRF:0
BRH:0
end_of_record
TN:
SF:src/Components/molecules/banner/index.tsx
FN:44,(anonymous_0)
FNF:1
FNH:1
FNDA:3,(anonymous_0)
DA:17,3
DA:24,3
DA:35,3
DA:44,3
DA:45,3
LF:5
LH:5
BRF:0
BRH:0
end_of_record
TN:
SF:src/Components/molecules/bookDescription/index.stories.tsx
FN:13,(anonymous_0)
FNF:1
FNH:0
FNDA:0,(anonymous_0)
DA:13,0
DA:14,0
DA:18,0
DA:20,0
DA:28,0
DA:30,0
LF:6
LH:0
BRF:0
BRH:0
end_of_record
TN:
SF:src/Components/molecules/bookDescription/index.tsx
FN:43,(anonymous_0)
FN:46,(anonymous_1)
FN:50,(anonymous_2)
FNF:3
FNH:1
FNDA:2,(anonymous_0)
FNDA:0,(anonymous_1)
FNDA:0,(anonymous_2)
DA:18,9
DA:43,9
DA:44,2
DA:45,2
DA:46,2
DA:47,0
DA:49,2
DA:50,0
LF:8
LH:6
BRF:0
BRH:0
end_of_record
TN:
SF:src/Components/molecules/bookReading/index.stories.tsx
FN:21,(anonymous_0)
FNF:1
FNH:0
FNDA:0,(anonymous_0)
DA:21,0
DA:22,0
DA:25,0
DA:26,0
LF:4
LH:0
BRF:0
BRH:0
end_of_record
TN:
SF:src/Components/molecules/bookReading/index.tsx
FN:38,(anonymous_0)
FNF:1
FNH:1
FNDA:1,(anonymous_0)
DA:18,3
DA:24,3
DA:31,3
DA:38,3
DA:39,1
LF:5
LH:5
BRF:0
BRH:0
end_of_record
TN:
SF:src/Components/molecules/card/index.stories.tsx
FN:21,(anonymous_0)
FN:21,(anonymous_1)
FNF:2
FNH:0
FNDA:0,(anonymous_0)
FNDA:0,(anonymous_1)
DA:21,0
DA:23,0
DA:24,0
LF:3
LH:0
BRF:0
BRH:0
end_of_record
TN:
SF:src/Components/molecules/card/index.tsx
FN:34,(anonymous_0)
FN:36,(anonymous_1)
FN:44,(anonymous_2)
FN:92,(anonymous_3)
FNF:4
FNH:2
FNDA:57,(anonymous_0)
FNDA:0,(anonymous_1)
FNDA:41,(anonymous_2)
FNDA:0,(anonymous_3)
DA:27,6
DA:34,6
DA:35,57
DA:36,57
DA:37,0
DA:38,0
DA:39,0
DA:40,0
DA:41,0
DA:44,57
DA:45,41
DA:47,57
DA:92,0
LF:13
LH:7
BRDA:93,0,0,56
BRDA:93,0,1,1
BRF:2
BRH:2
end_of_record
TN:
SF:src/Components/molecules/followReviews/index.stories.tsx
FN:12,(anonymous_0)
FNF:1
FNH:0
FNDA:0,(anonymous_0)
DA:12,0
DA:13,0
DA:14,0
DA:22,0
DA:23,0
LF:5
LH:0
BRF:0
BRH:0
end_of_record
TN:
SF:src/Components/molecules/followReviews/index.tsx
FN:16,(anonymous_0)
FNF:1
FNH:1
FNDA:8,(anonymous_0)
DA:16,3
DA:17,8
LF:2
LH:2
BRF:0
BRH:0
end_of_record
TN:
SF:src/Components/molecules/landingpage/index.stories.tsx
FN:10,(anonymous_0)
FNF:1
FNH:0
FNDA:0,(anonymous_0)
DA:10,0
DA:11,0
DA:13,0
LF:3
LH:0
BRF:0
BRH:0
end_of_record
TN:
SF:src/Components/molecules/landingpage/index.tsx
FN:11,(anonymous_0)
FNF:1
FNH:1
FNDA:3,(anonymous_0)
DA:11,3
DA:12,3
LF:2
LH:2
BRF:0
BRH:0
end_of_record
TN:
SF:src/Components/molecules/list/index.stories.tsx
FN:12,(anonymous_0)
FNF:1
FNH:0
FNDA:0,(anonymous_0)
DA:12,0
DA:14,0
DA:16,0
DA:27,0
DA:28,0
LF:5
LH:0
BRF:0
BRH:0
end_of_record
TN:
SF:src/Components/molecules/list/index.tsx
FN:24,(anonymous_0)
FNF:1
FNH:1
FNDA:18,(anonymous_0)
DA:17,9
DA:24,9
DA:35,18
LF:3
LH:3
BRF:0
BRH:0
end_of_record
TN:
SF:src/Components/molecules/notFound/index.stories.tsx
FN:17,(anonymous_0)
FNF:1
FNH:0
FNDA:0,(anonymous_0)
DA:17,0
DA:18,0
DA:21,0
DA:23,0
LF:4
LH:0
BRF:0
BRH:0
end_of_record
TN:
SF:src/Components/molecules/notFound/index.tsx
FN:18,(anonymous_0)
FNF:1
FNH:1
FNDA:2,(anonymous_0)
DA:8,8
DA:18,8
DA:19,2
LF:3
LH:3
BRF:0
BRH:0
end_of_record
TN:
SF:src/Components/molecules/readingCount/index.stories.tsx
FN:12,(anonymous_0)
FNF:1
FNH:0
FNDA:0,(anonymous_0)
DA:12,0
DA:13,0
DA:15,0
DA:17,0
LF:4
LH:0
BRF:0
BRH:0
end_of_record
TN:
SF:src/Components/molecules/readingCount/index.tsx
FN:14,(anonymous_0)
FN:28,(anonymous_1)
FNF:2
FNH:2
FNDA:3,(anonymous_0)
FNDA:9,(anonymous_1)
DA:14,3
DA:28,3
DA:29,9
DA:30,9
LF:4
LH:4
BRF:0
BRH:0
end_of_record
TN:
SF:src/Components/molecules/reviews/index.stories.tsx
FN:12,(anonymous_0)
FNF:1
FNH:0
FNDA:0,(anonymous_0)
DA:12,0
DA:13,0
DA:14,0
DA:22,0
DA:23,0
LF:5
LH:0
BRF:0
BRH:0
end_of_record
TN:
SF:src/Components/molecules/reviews/index.tsx
FN:18,(anonymous_0)
FNF:1
FNH:1
FNDA:10,(anonymous_0)
DA:18,3
DA:25,10
LF:2
LH:2
BRF:0
BRH:0
end_of_record
TN:
SF:src/Components/molecules/searchResult/index.stories.tsx
FN:14,(anonymous_0)
FNF:1
FNH:0
FNDA:0,(anonymous_0)
DA:14,0
DA:15,0
DA:20,0
DA:21,0
LF:4
LH:0
BRF:0
BRH:0
end_of_record
TN:
SF:src/Components/molecules/searchResult/index.tsx
FN:46,(anonymous_0)
FN:52,(anonymous_1)
FNF:2
FNH:2
FNDA:1,(anonymous_0)
FNDA:1,(anonymous_1)
DA:46,8
DA:48,1
DA:53,1
LF:3
LH:3
BRF:0
BRH:0
end_of_record
TN:
SF:src/Components/molecules/searchResultCard/index.stories.tsx
FN:12,(anonymous_0)
FN:27,(anonymous_1)
FNF:2
FNH:0
FNDA:0,(anonymous_0)
FNDA:0,(anonymous_1)
DA:12,0
DA:13,0
DA:15,0
DA:17,0
DA:27,0
LF:5
LH:0
BRF:0
BRH:0
end_of_record
TN:
SF:src/Components/molecules/searchResultCard/index.tsx
FN:83,(anonymous_0)
FN:85,(anonymous_1)
FNF:2
FNH:2
FNDA:14,(anonymous_0)
FNDA:12,(anonymous_1)
DA:34,4
DA:83,4
DA:85,14
DA:86,14
DA:87,14
LF:5
LH:5
BRDA:192,0,0,13
BRDA:192,0,1,1
BRF:2
BRH:2
end_of_record
TN:
SF:src/Components/molecules/tabsBarData/index.stories.tsx
FN:10,(anonymous_0)
FN:10,(anonymous_1)
FNF:2
FNH:0
FNDA:0,(anonymous_0)
FNDA:0,(anonymous_1)
DA:10,0
DA:11,0
DA:15,0
LF:3
LH:0
BRF:0
BRH:0
end_of_record
TN:
SF:src/Components/molecules/tabsBarData/index.tsx
FN:25,(anonymous_0)
FN:30,(anonymous_1)
FN:42,(anonymous_2)
FNF:3
FNH:2
FNDA:4,(anonymous_0)
FNDA:16,(anonymous_1)
FNDA:0,(anonymous_2)
DA:9,8
DA:25,8
DA:26,4
DA:27,2
DA:31,16
DA:42,0
LF:6
LH:5
BRF:0
BRH:0
end_of_record
TN:
SF:src/Components/organisms/BookPageDetails/index.stories.tsx
FN:11,(anonymous_0)
FNF:1
FNH:0
FNDA:0,(anonymous_0)
DA:11,0
DA:12,0
DA:17,0
LF:3
LH:0
BRF:0
BRH:0
end_of_record
TN:
SF:src/Components/organisms/BookPageDetails/index.tsx
FN:25,(anonymous_0)
FN:60,(anonymous_1)
FN:134,(anonymous_2)
FN:184,(anonymous_3)
FN:229,(anonymous_4)
FNF:5
FNH:5
FNDA:4,(anonymous_0)
FNDA:6,(anonymous_1)
FNDA:6,(anonymous_2)
FNDA:6,(anonymous_3)
FNDA:8,(anonymous_4)
DA:25,2
DA:26,4
DA:61,6
DA:135,6
DA:185,6
DA:230,8
LF:6
LH:6
BRF:0
BRH:0
end_of_record
TN:
SF:src/Components/organisms/allTopics/index.stories.tsx
FN:11,(anonymous_0)
FNF:1
FNH:0
FNDA:0,(anonymous_0)
DA:11,0
DA:12,0
DA:17,0
LF:3
LH:0
BRF:0
BRH:0
end_of_record
TN:
SF:src/Components/organisms/allTopics/index.tsx
FN:37,TabPanel
FN:57,a11yProps
FN:64,(anonymous_2)
FN:72,(anonymous_3)
FN:73,(anonymous_4)
FN:81,(anonymous_5)
FN:85,(anonymous_6)
FN:86,(anonymous_7)
FN:100,(anonymous_8)
FN:101,(anonymous_9)
FN:114,(anonymous_10)
FNF:11
FNH:6
FNDA:17,TabPanel
FNDA:16,a11yProps
FNDA:5,(anonymous_2)
FNDA:1,(anonymous_3)
FNDA:1,(anonymous_4)
FNDA:3,(anonymous_5)
FNDA:0,(anonymous_6)
FNDA:0,(anonymous_7)
FNDA:0,(anonymous_8)
FNDA:0,(anonymous_9)
FNDA:0,(anonymous_10)
DA:25,7
DA:38,17
DA:40,16
DA:58,16
DA:64,7
DA:65,5
DA:66,4
DA:68,4
DA:69,4
DA:70,4
DA:72,4
DA:73,1
DA:74,1
DA:75,0
DA:76,0
DA:78,1
DA:81,4
DA:82,3
DA:85,4
DA:86,0
DA:88,0
DA:90,0
DA:97,0
DA:99,4
DA:100,4
DA:101,0
DA:102,0
DA:105,0
DA:106,0
DA:107,0
DA:108,0
DA:109,0
DA:110,0
DA:111,0
DA:114,4
DA:115,0
DA:123,4
DA:124,4
LF:38
LH:22
BRDA:48,0,0,16
BRDA:48,0,1,4
BRF:2
BRH:2
end_of_record
TN:
SF:src/Components/organisms/bookCards/index.stories.tsx
FN:43,(anonymous_0)
FNF:1
FNH:0
FNDA:0,(anonymous_0)
DA:12,0
DA:43,0
DA:44,0
DA:48,0
LF:4
LH:0
BRF:0
BRH:0
end_of_record
TN:
SF:src/Components/organisms/bookCards/index.tsx
FN:54,(anonymous_0)
FN:65,(anonymous_1)
FN:103,(anonymous_2)
FN:109,(anonymous_3)
FN:115,(anonymous_4)
FN:126,(anonymous_5)
FN:136,(anonymous_6)
FN:141,(anonymous_7)
FN:207,(anonymous_8)
FN:228,(anonymous_9)
FN:229,(anonymous_10)
FNF:11
FNH:5
FNDA:2,(anonymous_0)
FNDA:6,(anonymous_1)
FNDA:2,(anonymous_2)
FNDA:0,(anonymous_3)
FNDA:0,(anonymous_4)
FNDA:0,(anonymous_5)
FNDA:4,(anonymous_6)
FNDA:0,(anonymous_7)
FNDA:13,(anonymous_8)
FNDA:0,(anonymous_9)
FNDA:0,(anonymous_10)
DA:54,3
DA:65,3
DA:67,6
DA:68,4
DA:69,4
DA:70,4
DA:72,4
DA:103,4
DA:104,2
DA:108,4
DA:110,0
DA:115,4
DA:116,0
DA:117,0
DA:118,0
DA:119,0
DA:121,0
DA:126,4
DA:131,0
DA:132,0
DA:133,0
DA:136,4
DA:137,4
DA:140,4
DA:141,4
DA:142,0
DA:145,4
DA:208,13
DA:228,0
DA:229,0
LF:30
LH:18
BRDA:117,0,0,0
BRDA:117,0,1,0
BRDA:156,1,0,4
BRDA:156,1,1,0
BRDA:206,2,0,4
BRDA:206,2,1,4
BRF:6
BRH:3
end_of_record
TN:
SF:src/Components/organisms/bookDetails/index.stories.tsx
FN:10,(anonymous_0)
FNF:1
FNH:0
FNDA:0,(anonymous_0)
DA:10,0
DA:11,0
DA:14,0
DA:15,0
LF:4
LH:0
BRF:0
BRH:0
end_of_record
TN:
SF:src/Components/organisms/bookDetails/index.tsx
FN:36,(anonymous_0)
FN:41,(anonymous_1)
FN:42,(anonymous_2)
FN:45,(anonymous_3)
FN:49,(anonymous_4)
FN:69,(anonymous_5)
FN:87,(anonymous_6)
FN:98,(anonymous_7)
FN:105,(anonymous_8)
FN:117,(anonymous_9)
FN:123,(anonymous_10)
FNF:11
FNH:6
FNDA:6,(anonymous_0)
FNDA:3,(anonymous_1)
FNDA:3,(anonymous_2)
FNDA:0,(anonymous_3)
FNDA:0,(anonymous_4)
FNDA:1,(anonymous_5)
FNDA:1,(anonymous_6)
FNDA:0,(anonymous_7)
FNDA:0,(anonymous_8)
FNDA:1,(anonymous_9)
FNDA:0,(anonymous_10)
DA:32,9
DA:33,9
DA:34,9
DA:36,9
DA:37,6
DA:38,5
DA:40,5
DA:41,5
DA:42,3
DA:43,3
DA:46,0
DA:47,0
DA:50,0
DA:53,3
DA:56,3
DA:58,3
DA:61,5
DA:63,5
DA:66,5
DA:67,5
DA:69,5
DA:70,1
DA:74,1
DA:75,1
DA:76,1
DA:77,1
DA:79,0
DA:80,0
DA:81,0
DA:82,0
DA:86,5
DA:88,1
DA:89,1
DA:90,0
DA:92,1
DA:97,5
DA:99,0
DA:104,5
DA:106,0
DA:107,0
DA:108,0
DA:109,0
DA:111,0
DA:116,5
DA:118,1
DA:123,5
DA:124,0
DA:125,0
DA:126,0
DA:129,5
LF:50
LH:33
BRDA:53,0,0,3
BRDA:53,0,1,0
BRDA:63,1,0,5
BRDA:63,1,1,0
BRDA:70,2,0,1
BRDA:70,2,1,0
BRDA:71,3,0,1
BRDA:71,3,1,0
BRDA:89,4,0,0
BRDA:89,4,1,1
BRDA:108,5,0,0
BRDA:108,5,1,0
BRDA:209,6,0,5
BRDA:209,6,1,0
BRF:14
BRH:6
end_of_record
TN:
SF:src/Components/organisms/header/index.stories.tsx
FN:11,(anonymous_0)
FNF:1
FNH:0
FNDA:0,(anonymous_0)
DA:11,0
DA:12,0
DA:17,0
LF:3
LH:0
BRF:0
BRH:0
end_of_record
TN:
SF:src/Components/organisms/header/index.tsx
FN:74,(anonymous_0)
FN:110,(anonymous_1)
FN:111,(anonymous_2)
FN:122,(anonymous_3)
FN:129,(anonymous_4)
FN:135,(anonymous_5)
FN:140,(anonymous_6)
FN:155,(anonymous_7)
FN:248,(anonymous_8)
FN:268,(anonymous_9)
FNF:10
FNH:3
FNDA:6,(anonymous_0)
FNDA:6,(anonymous_1)
FNDA:6,(anonymous_2)
FNDA:0,(anonymous_3)
FNDA:0,(anonymous_4)
FNDA:0,(anonymous_5)
FNDA:0,(anonymous_6)
FNDA:0,(anonymous_7)
FNDA:0,(anonymous_8)
FNDA:0,(anonymous_9)
DA:25,6
DA:32,6
DA:39,6
DA:41,6
DA:52,6
DA:60,6
DA:74,6
DA:75,6
DA:76,6
DA:77,6
DA:78,6
DA:79,6
DA:80,6
DA:110,6
DA:111,6
DA:112,6
DA:113,0
DA:114,0
DA:116,6
DA:119,6
DA:120,6
DA:122,6
DA:123,0
DA:124,0
DA:125,0
DA:126,0
DA:127,0
DA:129,6
DA:130,0
DA:131,0
DA:132,0
DA:135,6
DA:136,0
DA:137,0
DA:138,0
DA:140,6
DA:141,0
DA:142,0
DA:145,6
DA:156,0
DA:157,0
DA:158,0
DA:248,0
DA:268,0
LF:44
LH:24
BRDA:164,0,0,0
BRDA:164,0,1,6
BRDA:186,1,0,0
BRDA:186,1,1,0
BRDA:188,2,0,0
BRDA:188,2,1,0
BRDA:205,3,0,0
BRDA:205,3,1,0
BRDA:244,4,0,2
BRDA:244,4,1,4
BRF:10
BRH:3
end_of_record
TN:
SF:src/Components/organisms/homePageDetail/index.stories.tsx
FN:11,(anonymous_0)
FNF:1
FNH:0
FNDA:0,(anonymous_0)
DA:11,0
DA:12,0
DA:17,0
LF:3
LH:0
BRF:0
BRH:0
end_of_record
TN:
SF:src/Components/organisms/homePageDetail/index.tsx
FN:36,(anonymous_0)
FN:94,(anonymous_1)
FN:193,(anonymous_2)
FN:197,(anonymous_3)
FN:198,(anonymous_4)
FN:202,(anonymous_5)
FN:207,(anonymous_6)
FN:261,(anonymous_7)
FN:263,(anonymous_8)
FN:273,(anonymous_9)
FN:315,(anonymous_10)
FNF:11
FNH:6
FNDA:2,(anonymous_0)
FNDA:2,(anonymous_1)
FNDA:0,(anonymous_2)
FNDA:2,(anonymous_3)
FNDA:2,(anonymous_4)
FNDA:0,(anonymous_5)
FNDA:0,(anonymous_6)
FNDA:2,(anonymous_7)
FNDA:0,(anonymous_8)
FNDA:0,(anonymous_9)
FNDA:12,(anonymous_10)
DA:36,2
DA:94,2
DA:95,2
DA:96,2
DA:97,2
DA:98,2
DA:100,2
DA:132,2
DA:162,2
DA:164,2
DA:193,2
DA:194,0
DA:197,2
DA:198,2
DA:199,2
DA:200,0
DA:201,0
DA:202,0
DA:203,0
DA:205,0
DA:207,0
DA:208,0
DA:210,0
DA:212,2
DA:215,2
DA:261,2
DA:264,0
DA:274,0
DA:316,12
LF:29
LH:18
BRF:0
BRH:0
end_of_record
TN:
SF:src/Components/organisms/searchbar/index.stories.tsx
FN:11,(anonymous_0)
FNF:1
FNH:0
FNDA:0,(anonymous_0)
DA:11,0
DA:12,0
DA:16,0
DA:17,0
LF:4
LH:0
BRF:0
BRH:0
end_of_record
TN:
SF:src/Components/organisms/searchbar/index.tsx
FN:56,(anonymous_0)
FN:96,(anonymous_1)
FN:98,(anonymous_2)
FN:114,(anonymous_3)
FN:125,(anonymous_4)
FN:138,(anonymous_5)
FN:169,(anonymous_6)
FN:184,(anonymous_7)
FNF:8
FNH:4
FNDA:8,(anonymous_0)
FNDA:1,(anonymous_1)
FNDA:0,(anonymous_2)
FNDA:1,(anonymous_3)
FNDA:0,(anonymous_4)
FNDA:1,(anonymous_5)
FNDA:0,(anonymous_6)
FNDA:0,(anonymous_7)
DA:52,7
DA:56,7
DA:57,8
DA:58,8
DA:60,8
DA:64,8
DA:96,8
DA:97,1
DA:98,1
DA:99,0
DA:100,0
DA:101,0
DA:103,0
DA:110,1
DA:111,1
DA:114,8
DA:115,1
DA:116,1
DA:117,1
DA:118,1
DA:122,8
DA:124,8
DA:125,8
DA:126,0
DA:127,0
DA:131,8
DA:138,1
DA:169,0
DA:185,0
LF:29
LH:21
BRDA:104,0,0,0
BRDA:104,0,1,0
BRDA:104,0,2,0
BRDA:180,1,0,1
BRDA:180,1,1,7
BRDA:181,2,0,0
BRDA:181,2,1,1
BRF:7
BRH:3
end_of_record
TN:
SF:src/Components/organisms/secBookCards/index.stories.tsx
FN:11,(anonymous_0)
FNF:1
FNH:0
FNDA:0,(anonymous_0)
DA:11,0
DA:12,0
DA:17,0
LF:3
LH:0
BRF:0
BRH:0
end_of_record
TN:
SF:src/Components/organisms/secBookCards/index.tsx
FN:23,(anonymous_0)
FN:30,(anonymous_1)
FN:31,(anonymous_2)
FN:50,(anonymous_3)
FN:57,(anonymous_4)
FN:98,(anonymous_5)
FN:101,(anonymous_6)
FN:106,(anonymous_7)
FNF:8
FNH:4
FNDA:14,(anonymous_0)
FNDA:10,(anonymous_1)
FNDA:10,(anonymous_2)
FNDA:0,(anonymous_3)
FNDA:0,(anonymous_4)
FNDA:56,(anonymous_5)
FNDA:0,(anonymous_6)
FNDA:0,(anonymous_7)
DA:13,5
DA:23,5
DA:24,14
DA:25,14
DA:26,14
DA:28,14
DA:30,14
DA:31,10
DA:32,10
DA:33,0
DA:36,10
DA:37,6
DA:38,6
DA:39,4
DA:40,2
DA:41,2
DA:43,2
DA:44,2
DA:46,10
DA:49,14
DA:51,0
DA:52,0
DA:56,14
DA:57,14
DA:58,0
DA:61,14
DA:99,56
DA:102,0
DA:107,0
DA:108,0
DA:110,0
LF:31
LH:23
BRDA:36,0,0,6
BRDA:36,0,1,4
BRDA:39,1,0,2
BRDA:39,1,1,2
BRDA:107,2,0,0
BRDA:107,2,1,0
BRF:6
BRH:4
end_of_record
TN:
SF:src/Components/pages/bookPage/index.stories.tsx
FN:11,(anonymous_0)
FNF:1
FNH:0
FNDA:0,(anonymous_0)
DA:11,0
DA:12,0
DA:17,0
LF:3
LH:0
BRF:0
BRH:0
end_of_record
TN:
SF:src/Components/pages/bookPage/index.tsx
FN:10,(anonymous_0)
FNF:1
FNH:1
FNDA:1,(anonymous_0)
DA:10,1
DA:11,1
DA:13,1
LF:3
LH:3
BRDA:14,0,0,0
BRDA:14,0,1,1
BRF:2
BRH:1
end_of_record
TN:
SF:src/Components/pages/home/index.stories.tsx
FN:11,(anonymous_0)
FNF:1
FNH:0
FNDA:0,(anonymous_0)
DA:11,0
DA:12,0
DA:16,0
LF:3
LH:0
BRF:0
BRH:0
end_of_record
TN:
SF:src/Components/pages/home/index.tsx
FN:6,(anonymous_0)
FNF:1
FNH:1
FNDA:1,(anonymous_0)
DA:6,1
DA:8,1
LF:2
LH:2
BRF:0
BRH:0
end_of_record
TN:
SF:src/Components/pages/library/index.stories.tsx
FN:11,(anonymous_0)
FNF:1
FNH:0
FNDA:0,(anonymous_0)
DA:11,0
DA:12,0
DA:17,0
DA:19,0
LF:4
LH:0
BRF:0
BRH:0
end_of_record
TN:
SF:src/Components/pages/library/index.tsx
FN:14,(anonymous_0)
FN:46,(anonymous_1)
FN:47,(anonymous_2)
FN:50,(anonymous_3)
FNF:4
FNH:3
FNDA:1,(anonymous_0)
FNDA:1,(anonymous_1)
FNDA:1,(anonymous_2)
FNDA:0,(anonymous_3)
DA:10,1
DA:11,1
DA:12,1
DA:14,1
DA:15,1
DA:16,1
DA:46,1
DA:47,1
DA:48,1
DA:49,0
DA:51,0
DA:53,0
DA:54,0
DA:55,0
DA:58,1
DA:62,1
LF:16
LH:11
BRDA:51,0,0,0
BRDA:51,0,1,0
BRDA:54,1,0,0
BRDA:54,1,1,0
BRDA:62,2,0,1
BRDA:62,2,1,0
BRF:6
BRH:1
end_of_record
TN:
SF:src/Components/pages/searchResults/index.stories.tsx
FN:11,(anonymous_0)
FNF:1
FNH:0
FNDA:0,(anonymous_0)
DA:11,0
DA:12,0
DA:17,0
LF:3
LH:0
BRF:0
BRH:0
end_of_record
TN:
SF:src/Components/pages/searchResults/index.tsx
FN:13,(anonymous_0)
FNF:1
FNH:1
FNDA:2,(anonymous_0)
DA:13,1
DA:14,2
DA:15,1
DA:16,1
DA:17,1
DA:23,1
LF:6
LH:6
BRDA:16,0,0,1
BRDA:16,0,1,0
BRF:2
BRH:1
end_of_record
TN:
SF:src/Components/templates/landingTemplate/index.stories.tsx
FN:13,(anonymous_0)
FNF:1
FNH:0
FNDA:0,(anonymous_0)
DA:13,0
DA:14,0
DA:18,0
DA:20,0
DA:24,0
DA:26,0
LF:6
LH:0
BRF:0
BRH:0
end_of_record
TN:
SF:src/Components/templates/landingTemplate/index.tsx
FN:10,(anonymous_0)
FNF:1
FNH:1
FNDA:7,(anonymous_0)
DA:10,5
DA:11,7
LF:2
LH:2
BRF:0
BRH:0
end_of_record
TN:
SF:src/core-utils/colors.tsx
FNF:0
FNH:0
DA:1,12
LF:1
LH:1
BRF:0
BRH:0
end_of_record
TN:
SF:src/core-utils/properties.tsx
FNF:0
FNH:0
DA:1,13
LF:1
LH:1
BRF:0
BRH:0
end_of_record
TN:
SF:src/core-utils/theme.ts
FNF:0
FNH:0
DA:3,25
LF:1
LH:1
BRF:0
BRH:0
end_of_record
TN:
SF:src/core-utils/trackercontext.tsx
FN:11,(anonymous_0)
FN:14,(anonymous_1)
FNF:2
FNH:1
FNDA:0,(anonymous_0)
FNDA:6,(anonymous_1)
DA:8,9
DA:14,9
LF:2
LH:2
BRF:0
BRH:0
end_of_record
TN:
SF:src/core-utils/messages/index.tsx
FNF:0
FNH:0
DA:1,15
DA:2,15
DA:3,15
DA:4,15
DA:5,15
DA:6,15
DA:7,15
DA:9,15
DA:11,15
DA:12,15
DA:13,15
DA:14,15
DA:15,15
DA:17,15
DA:18,15
DA:19,15
DA:20,15
DA:22,15
DA:23,15
DA:25,15
DA:26,15
DA:27,15
DA:28,15
DA:29,15
DA:30,15
DA:31,15
DA:32,15
DA:33,15
DA:34,15
DA:35,15
DA:36,15
DA:37,15
DA:38,15
DA:40,15
DA:71,15
DA:95,15
DA:109,15
DA:110,15
LF:38
LH:38
BRF:0
BRH:0
end_of_record
TN:
SF:src/service-layer/index.tsx
FN:6,(anonymous_0)
FN:10,(anonymous_1)
FN:14,(anonymous_2)
FN:18,(anonymous_3)
FN:22,(anonymous_4)
FNF:5
FNH:1
FNDA:0,(anonymous_0)
FNDA:0,(anonymous_1)
FNDA:1,(anonymous_2)
FNDA:0,(anonymous_3)
FNDA:0,(anonymous_4)
DA:6,10
DA:7,0
DA:10,10
DA:11,0
DA:14,10
DA:15,1
DA:18,10
DA:19,0
DA:22,10
DA:23,0
LF:10
LH:6
BRF:0
BRH:0
end_of_record
